15 7013 9231 6298 9748 2876 5747 829 3318 1089 1205 418 4766 452 8636 8163
12 8773 8819 4014 1061 5800 8114 1129 7869 5311 5964 8152 4277
8 6252 5815 6484 8493 9132 2095 6344 1855
24 719 3338 7808 4433 2958 1392 1368 9368 518 8545 4979 6061 1857 8003 6219 4210 9312 1007 3440 3324 9099 4735 6273 9499
24 1178 9273 5962 6476 2054 5219 8494 9421 6920 7091 8516 9498 8549 3508 9269 5575 6948 3927 5828 5190 5438 6693 1147 828
11 3696 6274 6082 2477 4301 915 323 2131 6872 7577 9650
10 6031 211 2288 6236 5834 6099 3872 7039 5926 9876
10 7109 9925 7960 1666 3917 7997 4967 2815 562 5749
15 6403 208 5433 3784 7456 8990 6283 3247 584 6610 5972 2450 1514 5817 4741
17 9913 2031 330 531 2385 1511 3867 7187 9082 4853 2541 2870 8441 4994 8454 2114 2318
16 3580 474 568 9313 2695 5970 9563 1934 7900 7384 9270 9554 3808 5986 6608 7025
30 4435 1560 5721 933 6615 6216 4593 3439 7569 8510 7234 121 8952 8883 7918 1012 4358 2636 3145 5475 4631 220 2255 6278 4812 5515 9956 4813 9484 7641
12 1992 4078 5868 6412 3629 5440 4525 8878 9821 6763 3873 6686
13 1209 8292 7399 6670 4309 2135 3869 4090 3442 6381 3307 5300 6544
21 303 7956 1515 1757 187 8640 6466 4008 9847 9619 6689 3940 9165 6746 3691 8312 8620 6858 1266 2461 7581
21 3253 5018 2519 1315 8175 7463 9976 1105 9072 5167 2364 5852 9946 6511 1706 3431 3956 6918 7185 5707 4987
23 1335 5299 2356 2920 677 3607 9305 1867 4758 2261 8575 9419 8298 7933 3793 7613 101 3248 8467 7300 5791 7251 9277
33 4839 2949 84 7928 1543 9707 2571 7965 6002 672 549 7561 5100 118 4206 138 1787 536 2804 9800 3992 9919 8906 4144 8697 798 1744 2347 1659 5555 5544 4363 8648
33 3156 2432 88 5335 6783 9393 8310 7475 2465 7657 4494 6263 8731 713 8477 9566 4293 947 5176 3285 5692 2154 2923 3397 2545 2012 4505 4252 5346 1107 2879 6368 6631
25 4094 1066 4377 4379 9752 5192 3055 1097 4601 2247 3090 6815 5405 8953 3086 3822 8985 8206 3423 5613 7268 3002 1813 1961 1966
23 5497 2735 5693 4742 700 423 9514 2720 7861 6277 5934 7342 1331 1746 1738 5603 1531 2901 9001 3079 1946 3137 5478
18 9084 7429 6822 1305 9003 2015 2805 4388 8841 7653 1789 8005 4707 5897 4337 4795 7163 797
31 8518 1273 6901 7070 3817 5324 6706 8708 8421 8882 5837 2884 3203 2415 8857 8963 2375 7757 4135 5168 4810 5157 7225 9088 1153 1398 7349 3637 1120 7035 9938
10 8890 7179 6483 7549 9416 9295 3920 6347 8392 923
19 4679 225 9127 7118 7150 1539 9328 5329 8186 9474 8598 8460 4106 7547 3595 8689 9049 1093 170
18 5445 2883 2917 769 5717 7499 9409 1313 3585 483 1627 559 7344 81 5914 2644 4614 5975
21 4059 1138 311 3468 8324 7693 8018 2565 2397 808 2621 2561 4582 232 863 8264 4632 1567 4053 8050 5059
26 7957 4071 563 2769 4654 3127 2034 9826 2931 3963 866 5139 2994 6891 1953 8013 2871 858 5414 2650 1658 5148 7831 535 8939 8789
20 519 606 3549 3167 4536 1609 3608 742 5733 2398 6707 3391 8473 8623 4946 1673 888 5918 4390 8301
23 1776 8950 5727 3579 1013 1635 5189 3396 2305 4376 7579 6967 1369 4327 9133 9912 7453 8472 1442 9885 9931 7955 762
18 6663 5235 585 7318 8965 5730 2851 1485 7976 9730 1990 5546 1971 4837 750 8389 4563 6991
25 9679 768 6740 5425 5957 8093 3420 761 3636 4607 1436 382 7926 2359 1827 3178 6431 1011 2283 1092 4425 2750 5549 1878 4760
14 5860 8670 4804 1535 7720 8317 8975 6935 5010 1540 8837 5978 2185 7002
15 8758 1908 172 9018 1365 4256 1062 9346 1975 9932 3019 6725 1935 4310 6073
30 6916 3555 2008 2944 3430 1904 7337 5453 881 2665 1016 3163 3776 4368 7505 6829 1538 7328 9605 2459 3834 5594 3131 6899 9338 9953 6011 4041 6323 8178
24 9888 6807 6831 9698 3708 6085 4378 7440 37 4682 8475 5984 9372 2088 8972 8900 6166 2182 9145 8090 5395 6685 234 3781
14 2316 2576 2941 3321 6755 8680 7966 738 3000 6095 2481 9220 3042 2862
16 2061 8395 9291 7293 1784 1372 2714 3459 9274 442 5816 2470 9429 7256 1023 9723
17 5086 4948 6159 1002 3722 6857 9321 4043 3027 26 2087 8522 7050 5842 5531 2843 7996
15 4058 2384 4762 815 3214 2873 7400 5826 4447 932 2165 265 6981 3172 1972
12 4618 1005 9979 6361 8787 7156 6199 2736 4808 2064 2287 2610
26 7929 741 9020 554 6912 2515 4907 8444 819 793 4443 8177 8748 6862 3796 9363 184 5419 6286 1025 3081 2258 411 7559 1285 1823
36 7401 622 8086 1406 9246 3461 9469 5920 3906 4615 704 5374 1160 649 3859 8026 7542 8547 8764 5523 4899 8544 836 9092 3283 195 9688 7706 7168 2816 2097 2267 5927 2490 7051 7784
26 4855 9140 7799 7711 8020 5060 6068 6756 9830 5566 6316 5511 8768 5751 8094 674 6672 4617 886 7573 3765 5134 8553 4273 4554 2208
27 273 9325 5649 2209 1109 2558 1117 7080 235 3925 3550 4060 7298 7094 8153 8738 1068 7371 7721 45 5987 8084 571 3084 5399 4383 770
30 3444 5769 1664 9207 4066 7186 9402 4648 6951 2783 4869 9681 8876 64 1862 4274 8220 9038 6211 8988 2037 2042 776 6810 5364 495 9489 6057 4886 4823
7 8703 7862 1111 8445 5660 3102 1880
22 117 8329 8578 7778 1302 2680 1464 6203 3547 8126 1317 3959 6823 9162 5893 9501 2120 1691 5961 3048 6934 8654
24 7913 3325 7816 3746 377 3986 9722 2844 678 5122 7062 3521 500 941 2091 2331 3695 3600 5644 3922 9013 5044 1288 5150
9 6695 4143 7141 7911 6485 4387 1192 5336 8422
17 7040 4346 4495 4586 1838 5491 8629 4635 9944 2605 3795 3114 9171 3802 7135 872 4949
13 3855 6541 7455 1605 7180 1090 4184 5507 306 5316 2683 9129 6993
28 3371 8559 2774 19 9090 7846 530 5307 7882 3759 8996 2439 5442 7009 3 4457 7570 2437 6436 6459 8969 201 1136 8495 5687 8846 4015 3028
29 9675 8520 3918 2942 8435 1625 2657 8915 2338 6305 5830 8761 6013 6121 7604 6865 3278 2684 4452 8920 4036 7327 94 8286 2493 1712 8561 8139 6514
21 6198 4829 4449 6379 4787 9881 1389 2670 7791 9150 800 4198 2834 4468 4191 9509 4448 5266 3932 7836 3665
20 9449 7097 1686 380 990 3261 9812 8809 2702 1394 8692 2142 1690 6204 974 2162 3091 4022 8070 587
16 4307 6961 489 6780 8783 3358 8954 3353 9422 9961 7973 1925 4427 8949 251 8865
27 375 8420 8698 1447 9347 8376 8774 9559 4225 3193 6833 5981 1042 3856 4903 3568 9704 3374 6086 6787 1811 6233 925 2746 5095 4728 9714
26 1040 1724 7435 8262 2357 7346 5250 880 2373 8289 5532 1328 1818 9848 806 3674 8387 7160 9323 1950 1076 5806 6844 9198 6782 7215
32 222 3103 7877 2313 3049 7198 1251 1959 5156 6584 5690 7448 9516 2035 7143 2959 8576 2854 1761 4890 2956 7353 9233 1671 5186 5607 727 4023 3023 2083 879 9146
15 9550 2654 1475 3646 9817 7691 6838 4515 6406 2740 1029 9941 8833 9739 7362
17 1135 4369 4359 6006 7137 7969 5696 4765 3706 9174 393 5177 6992 8012 8723 2822 4242
16 3578 5679 137 6495 5992 5911 5919 5321 9414 6760 7390 204 7888 6717 5731 4729
30 5424 5341 3692 5881 4873 8302 945 3424 277 7637 9696 8133 2825 2171 2693 2444 7865 3574 7363 7403 6846 859 5561 1836 9786 1049 1249 2029 8340 9878
35 4894 268 3655 7512 3572 9316 3786 6327 164 7840 7665 3904 147 7048 1259 9844 8051 2229 7587 4219 1988 9709 5313 3912 1053 8829 4438 8732 205 9204 8497 644 5836 1060 4157
8 920 1353 8184 9763 5761 3306 8356 8994
13 9799 157 61 3168 2297 7940 4394 7231 8218 8108 2268 2595 2528
21 2559 5716 9581 7849 666 6582 7271 9230 9397 6042 5484 7340 7018 5728 2619 8478 9034 6611 73 6291 9637
8 961 445 3008 8458 8715 7638 9927 5232
25 372 3281 4644 7534 2790 1943 193 6067 1771 2390 1914 5587 433 2062 3613 4218 8565 6543 2389 6229 8839 6723 36 9775 8879
26 7952 6694 9405 3640 8449 5049 502 119 4782 8042 823 1263 6744 9828 6478 3935 3577 9762 7752 7855 3497 1385 3301 188 2492 3863
14 3654 8599 7728 4960 8905 2517 6568 603 3558 1928 8036 2888 8411 7335
23 24 1735 3667 6139 817 7210 6164 4815 9757 3319 6398 169 7364 1443 8506 7122 2707 5634 2301 8386 5435 5551 5616
13 2869 8675 4056 7140 8484 7891 9144 9252 877 1727 7330 2522 641
37 8962 6649 5402 3249 739 699 9691 2626 1995 3200 4250 32 9610 1324 6719 1864 286 2842 9238 5074 4266 612 2051 7672 9447 2943 6754 6282 496 6328 1347 6796 8295 8238 6702 4399 8156
27 4637 5381 8189 726 2975 1010 4246 417 3398 7682 1256 4552 1309 9526 7339 4104 8534 2863 6678 694 7944 3161 7644 2779 5776 4181 6080
34 4150 6424 8029 3138 457 2382 2060 3435 1509 6062 993 4696 2924 3228 8662 2796 862 7796 1681 8916 3182 1822 9029 2462 2524 6628 2030 3385 5505 270 6761 8716 7878 8942
27 6115 1978 7064 9864 6762 6251 4872 9822 9896 2921 4046 1045 5073 8650 8299 4454 4565 4597 3960 8651 2772 8744 5612 1280 4977 7057 8106
21 3988 6160 9733 3409 1874 6793 3269 3767 7285 42 5007 8280 9587 1157 5056 2194 7530 3787 8508 2321 3664
9 5885 8342 7810 7948 7478 1172 6489 9600 2152
10 541 7640 2418 8052 2860 5671 4600 9999 9782 1547
12 6228 1815 3697 3005 7230 3329 7779 7483 7147 1141 8429 8138
14 1833 1563 4355 3434 6197 249 6416 4114 3031 5373 1905 7439 7258 7482
20 29 610 2828 1384 6849 6851 7355 1416 6629 8881 9686 8525 5195 5789 1957 7639 7426 7202 6959 7524
20 55 583 7229 2589 2512 7804 2350 5645 2980 2763 1036 7304 8255 9808 49 966 3415 1903 421 6093
33 9523 3025 8564 8557 6658 5112 2293 8574 8207 1580 2686 657 115 1521 2388 9992 9838 3561 2417 5163 1448 6963 4608 8976 4851 940 4465 3898 7509 2905 4697 667 5443
32 9216 2327 8630 3294 109 7471 8323 1030 9012 6125 1201 7492 3778 5298 799 4689 3625 1834 8745 9163 9863 7978 2936 5035 8907 2655 4239 6553 2629 8321 7489 5159
15 9283 9121 7699 3878 2150 752 6545 3713 4192 7264 2727 7084 7980 5669 5896
22 4842 1993 8213 6502 7398 9128 166 2915 7372 975 5663 5054 2981 4532 9319 7987 4628 2151 8431 3201 6583 5294
10 1888 3239 7227 179 2101 1703 631 1156 5037 8923
34 734 1879 3826 1734 4194 2566 2216 4297 9457 3215 2386 1098 397 458 4834 4866 5878 8366 5664 732 214 8931 5183 441 1611 4333 1919 9365 2638 4983 5127 4556 6302 3069
22 3149 5902 7188 5615 4706 842 3029 368 5284 3748 9183 8997 1918 1670 619 3897 2820 6661 2824 2136 1225 9390
15 7119 9166 3651 9544 4910 3188 5955 7787 8071 1279 4896 1467 5051 5065 9290
24 4214 6656 190 5743 2784 513 2539 4088 2333 986 6896 8652 3393 7812 7075 9094 3934 6330 7954 68 7136 7814 6051 4393
27 2986 4882 6044 1170 8158 8073 3833 4493 494 8028 6999 1179 5323 1166 7125 2990 2308 2549 5772 4581 6022 5974 9058 6933 7938 8943 7133
29 297 2429 7709 1113 2963 661 2455 47 5627 9949 2578 4888 2108 1257 5564 6056 7296 3474 4718 1819 5582 4486 5999 3449 1298 8354 2617 5111 4325
27 2912 5161 1227 658 5808 4414 6924 3024 9282 8588 6474 3502 2732 3098 9062 4045 7103 5915 1598 8491 384 34 9594 5506 9488 4732 2620
22 6724 6843 3276 7320 2106 2143 2511 3403 7236 5712 3615 3038 8671 1239 4063 1700 6367 2948 1785 3720 9048 7649
15 957 6767 477 9052 8426 8902 951 6356 4139 7239 3905 7920 2835 8793 3560
29 3693 7028 9452 5466 481 3717 830 5503 9410 5557 7361 1348 2366 5133 8261 4009 8291 1870 4993 4430 7552 414 7099 556 3296 9750 7241 7756 1374
20 2020 4788 3527 6110 9851 7927 3073 4558 2235 152 9497 415 2809 7532 8150 8063 2 8064 1371 8824
35 8406 219 3333 4781 2123 2711 6804 6450 4207 8085 1913 7847 5170 6593 9089 6134 6808 2272 1428 6223 2370 6619 736 9767 7781 5577 9683 5681 5524 7201 3801 7821 7427 5811 9097
30 5598 6900 6404 2641 3196 5487 5006 248 2717 7924 7414 2513 3295 9155 7620 4985 2129 6540 589 4464 9727 3916 6990 1621 6666 6230 8677 783 9296 432
28 3030 2324 7889 7704 3160 9412 1564 9104 3783 3789 6222 2374 6987 8904 816 9734 9358 9542 8415 2749 6790 973 4082 6520 522 7744 2113 2329
16 3471 2531 8149 9406 7553 1697 8434 8146 6563 313 4555 9962 8984 8214 1710 4796
10 8102 1407 8425 8459 7224 825 3554 849 8306 7376
8 8840 1332 3540 9459 8999 3703 2100 6439
36 5406 4098 6794 8055 3067 8370 2904 4064 9769 1723 5539 5263 292 1553 2797 6757 8798 7490 2829 9790 3645 4768 3282 6488 7132 6047 2139 5233 1291 4621 1446 1906 5412 7813 5653 4803
21 1528 6965 8290 2147 7226 3807 6814 5043 7745 8245 9784 5042 2945 9351 5694 4569 6505 3832 914 1171 6090
30 8204 6654 3575 9996 9666 4109 6202 5347 2787 6048 6618 2480 9440 9248 1790 8895 5481 7680 7368 7292 985 6055 9201 9415 651 5207 3698 6445 3184 3984
16 5304 6633 1228 3208 4352 2110 8486 9073 1907 8307 9085 6779 7990 6384 3522 3543
12 6321 5729 7273 4974 4754 6667 340 4254 2127 6310 8724 5296
31 3743 6913 5572 5369 5554 326 950 4205 1245 1352 5045 5465 2122 6681 4406 5519 5670 1217 4190 77 7047 4152 9616 4513 9040 3015 7959 1825 5499 2671 5545
31 1269 2520 4164 9890 9562 4141 4245 4749 4371 2667 2525 4989 6156 1429 2048 2248 8416 6605 1772 8067 3392 8250 2256 2582 3548 7526 2249 5432 5935 2764 2794
19 6039 5247 9983 6824 6353 3139 7718 9185 2325 3300 7939 1976 5950 1615 6010 4142 1708 630 3185
15 3457 6418 7114 627 1100 5089 8198 6718 7554 665 1460 6825 3729 9621 3491
31 8728 3410 5227 1860 6155 8784 5626 6446 3663 2482 7041 9394 5764 3394 7078 777 9136 2116 6171 3406 7708 5558 3813 4915 6906 8805 7771 9076 995 1452 5538
20 4687 696 5948 5990 5698 4794 9869 9251 8813 8992 9732 1358 3337 6690 1661 2188 8934 4542 1173 9759
6 3564 2176 7674 2336 5401 8330
35 580 1794 1637 4583 9920 7631 4826 8791 6985 9923 6213 9234 8782 9963 2206 6596 65 1255 6708 3339 1468 8750 3763 5220 5722 8252 198 347 3344 5542 6388 2202 6482 4077 5825
10 6456 5027 7864 3148 2838 3202 9010 3349 6715 5652
21 8179 9820 1803 2184 716 544 1800 8624 4523 1017 5196 5585 3059 6759 207 4923 7144 4298 51 1645 131
26 6952 9670 6745 3949 8272 9928 6657 659 5709 4062 4832 3173 586 3501 3714 1933 2242 2646 7852 3217 7607 6964 4504 2689 5812 3014
32 5245 5393 1489 9267 7086 9680 1729 1835 871 8851 8266 365 355 395 8027 2713 5154 6184 5104 9716 517 3018 3144 2149 7670 1936 269 8132 7950 7964 4424 4186
10 7468 6937 5795 2811 7431 960 9580 9005 869 4968
24 1866 1194 8803 7193 529 7019 5457 5116 3507 5864 4096 7755 1420 3404 274 958 6225 9518 6315 4500 1594 4901 2211 4778
16 9901 3546 6150 2198 9575 4957 1884 9158 5193 1779 3798 5040 1861 2710 9547 5969
10 9411 2296 1438 7129 7451 2335 4421 3105 2573 3791
12 2278 1883 7287 4428 8566 8462 5541 6058 2982 2660 5361 5592
30 9626 4877 6457 9974 5517 212 6340 9617 1453 74 2164 1193 9859 1541 285 9278 4075 4251 9780 8061 1786 9664 2469 3303 3094 3456 6335 9439 3914 2554
29 9187 8489 4693 7104 2523 3557 2663 8379 9948 7169 6163 979 1561 6571 6873 8074 3141 3266 3841 3437 2685 1654 2911 8347 8528 2615 1295 5563 7937
23 8509 5218 2536 6752 3334 8868 2250 1910 9202 5866 8190 2173 9539 2866 4797 3192 5787 2094 7052 1952 7611 845 144
30 5222 1512 5744 4170 3989 4080 4666 6526 942 5366 8780 5070 8767 774 5314 2452 6926 1767 1034 4881 4004 420 6175 7396 5223 5774 6005 8891 5047 980
27 8271 7687 6123 9985 8464 2651 6026 348 2857 8505 5824 1364 4594 7045 5630 6880 5083 6423 1682 9788 5288 2616 7027 3884 1895 9601 2839
12 3647 1999 2413 3630 8281 9903 7157 532 2550 3140 9454 6750
4 7716 2263 968 6960
34 113 1414 4208 7357 2642 989 5477 7382 7208 3194 3181 5792 7498 6915 275 3556 6713 1396 5556 714 5389 1145 5357 3982 1719 9017 6079 988 6599 2363 4672 5467 9875 4530
35 6607 1773 3104 8040 4703 98 9179 7732 7282 2011 7729 9975 5995 5559 6290 6888 9103 695 689 9879 7507 8811 6187 9331 359 2334 3587 8117 2569 6524 3063 2529 7481 2878 5198
31 2507 1492 8739 1121 482 9549 7698 3051 8353 2640 2675 5809 8239 122 4044 4591 1471 6262 5292 5166 1229 8197 745 570 9066 2775 3280 7290 1848 8866 5790
39 5343 6329 1024 4233 3354 57 7685 832 8191 8695 374 8243 8610 508 8413 2885 5534 1748 7394 8917 8284 6137 449 6117 6289 1678 5355 2317 5378 4422 3302 4288 7083 648 1698 5407 296 8232 5449
22 7088 4546 4437 2422 8832 6836 439 8766 4411 2496 2858 8592 653 466 7776 6731 9243 5735 2170 8371 2224 4018
14 8587 2738 5237 6304 4630 3083 210 2997 141 3760 712 5688 7722 7742
20 394 567 9473 5818 5856 1363 7572 8637 8219 4137 5371 9899 1265 8196 3320 8358 9745 5461 1788 8260
5 6269 2424 7325 2514 9530
8 4475 2079 1973 8481 1591 4420 82 7751
28 5971 5387 6493 4223 4084 2112 7692 1487 1422 5910 1643 7793 9167 9754 3213 5180 4290 7402 1885 7797 3244 5840 3864 2987 8501 7416 6032 4662
9 6662 5358 3384 206 4717 9337 6816 2960 6517
9 6529 3596 4959 5746 3601 5214 435 5779 4887
8 8227 7910 8570 362 8276 5138 6534 9311
19 3245 7329 7768 5120 7172 9164 7628 5584 921 2969 2395 1532 76 6386 6848 2722 8571 6158 5661
29 9046 9852 4455 6410 6475 895 6261 1474 5847 5959 7654 8125 8911 1513 7560 6692 5925 3484 5068 6027 3545 8709 5940 4462 299 6895 4392 792 2457
32 6189 4885 9595 6206 1218 2537 9071 9199 8030 8164 7515 5933 3570 4499 3070 4248 3672 6240 5880 2633 153 6578 4898 8060 3419 2868 8781 2855 7359 7437 2564 2940
31 2603 7993 8699 5890 2690 1252 6119 4450 1325 2290 3135 412 6866 3115 1050 6205 6996 771 3455 4322 8362 2757 9591 1099 9468 4680 1354 8046 3265 9781 2253
22 3147 3735 7817 5998 7145 6389 8741 8136 561 1572 3446 9870 2560 4389 9245 2367 3206 1542 5924 1881 479 2251
16 8932 1630 6558 6377 814 2687 334 6555 9802 721 781 2962 7074 4261 4700 1350
19 4984 5113 7082 9556 6255 3199 1634 7284 1477 7486 7591 868 8944 4548 1274 9178 9773 4315 1473
20 3236 8209 2426 4661 1221 5212 3058 3220 161 4958 5553 9989 5930 5319 6295 8751 9794 6616 2993 5439
28 2233 3758 5954 1500 9819 552 1181 9952 5310 987 9000 8134 4550 2089 7148 4777 3999 5023 1395 1499 8986 7192 8304 4032 8885 9756 7992 2968
20 9935 7116 2928 3129 7446 4115 3370 102 5724 7134 542 4491 2043 890 6683 3075 3597 6181 4323 9868
20 2166 9087 965 9286 1503 9620 3879 3477 3117 4034 1523 4714 9370 7221 163 7630 683 8140 2596 6527
29 7612 6884 6669 6220 3583 6182 617 4605 9357 7037 5835 8743 4087 8627 1781 2024 9643 9533 8199 2563 6318 5098 3087 5275 44 2637 488 6112 6288
20 7108 4965 4564 6104 7898 7949 4086 2882 103 5482 9148 213 1164 2965 5741 6510 5270 5832 6499 8332
6 9649 9768 6741 4848 3739 2591
12 789 9011 2934 6575 5287 553 6243 1067 598 1301 2421 1084
32 1323 400 493 3921 8681 4659 3958 8597 5579 1595 9264 2467 4937 928 7237 1275 386 510 1824 4076 5796 1373 5863 4222 5149 3485 4757 2488 9922 3727 5162 6311
30 3197 2748 2742 4154 3915 8155 1845 9570 9265 7445 7697 5064 4734 4539 6235 754 3977 2205 6129 7003 9455 3771 3153 3243 8818 4108 1575 7603 5760 1293
31 8024 315 3092 7602 6186 8079 9751 5241 6587 5014 2115 5009 3997 3673 6821 9508 3443 5278 6292 67 186 9244 2567 8812 5488 2001 8633 9814 1552 5130 669
18 3257 3976 9965 4299 8991 8128 8173 2368 930 6268 1198 4856 2332 2614 3340 7879 7506 6665
20 8711 6910 4634 929 1199 2345 1236 453 6556 4578 6264 2186 4740 4514 6720 5286 7767 2298 4759 3712
9 6135 5654 7406 128 7580 2167 3539 5312 8210
11 5991 9471 7675 503 160 7514 8409 8455 4510 1377 431
30 8736 9137 7677 3947 1260 9042 7785 6247 3685 4879 934 7984 1391 7724 1470 9987 6059 5801 3428 7462 5379 3293 1283 1073 3010 1901 4900 2836 9024 8091
14 5213 1593 9306 3368 601 8796 2140 2900 4123 3315 1660 9632 5101 1159
18 7020 8713 9813 8309 6922 2916 1106 6809 6272 1246 5945 2222 5947 7623 7518 8180 3945 831
20 3311 499 6452 6730 9490 6234 6326 5259 4805 512 6773 7331 6142 7095 3926 75 3407 4275 2604 2361
19 5858 6239 9487 782 2731 3493 1441 7642 8719 3639 4524 4030 2050 5750 3254 1158 4861 8384 926
23 3990 3849 5636 718 640 9712 4990 7068 2330 7822 9823 7726 8830 6684 5909 8399 3519 5325 8333 7540 9203 6153 2337
9 9463 5480 5518 7295 8066 5354 2070 7496 6364
6 2538 8967 1362 7059 6470 8120
10 4260 4537 4935 6296 4867 4686 5234 5091 3264 2138
24 5875 5332 7610 8212 6982 614 5640 4809 8169 8669 7177 2991 6590 3448 3074 478 5110 6732 3350 3626 371 8282 2210 1052
9 1651 1421 8088 2734 9703 6390 8352 8910 2806
7 1984 5510 7546 1994 6567 7253 5982
25 902 6200 9735 4403 3124 6716 9612 3146 2568 15 5486 1424 83 4533 151 4692 4710 9697 8381 2494 2555 4341 2701 4991 1216
30 2788 874 1276 6430 2207 2404 9505 4971 5526 9789 4224 4561 6038 1314 8359 9967 2365 5590 2733 4201 291 5946 5912 9887 107 6045 3369 1191 5874 4185
15 8586 8274 7574 3375 2442 6638 7912 5838 4441 3305 4302 7712 959 8253 8265
19 8848 7792 7379 7113 3227 1071 3948 4473 6146 5625 3660 116 7942 2672 1648 4598 236 289 2007
24 3951 3891 8573 4048 4128 9114 7021 7288 3011 7351 9943 4265 4535 7313 5805 5759 9715 3268 7485 9854 4474 1938 2326 9196
21 4511 4255 7737 8772 6538 2776 1537 6098 9222 599 8339 8111 5206 5820 7126 8685 1801 480 4269 5753 1510
19 2006 3865 1054 5732 2999 2585 6407 4130 4398 7197 2023 310 5229 3226 1445 526 6417 3792 9608
31 6747 1674 9627 4980 6550 8795 8367 4713 178 7301 9496 5076 8229 5907 8826 4263 6602 9571 3747 3553 9506 2004 4572 5115 6500 192 4671 2372 1507 6193 1663
32 2026 1524 3605 9524 8110 6280 6956 2753 175 1299 21 10 9361 5583 2535 5872 4518 9083 4845 6617 5002 5956 7302 6588 4650 4945 6623 9271 5460 7183 7112 5798
17 8021 7347 527 4093 2762 279 256 4919 4730 9755 5327 1397 6624 4670 6065 2502 7565
27 2436 2957 3603 7690 378 2919 6597 6066 2406 2810 388 6462 4543 9142 7790 288 8887 4674 7449 5938 9173 1858 3179 3745 4484 9184 1892
26 2899 892 245 7248 7085 3036 2059 1565 1725 3909 1891 4012 670 6974 5080 2102 2003 1401 3183 1103 9279 4434 6401 2908 6148 9061
15 864 6208 4029 2105 8228 2362 1081 1937 2557 9433 8550 9330 9407 1702 4941
18 5359 5996 5748 9349 3072 6442 7260 1945 8048 7839 5966 7835 548 9032 7589 1366 9067 390
19 6877 1588 3462 3108 3966 6076 1459 5550 3621 9106 5386 4921 857 9157 5768 1911 1688 8383 1626
22 6735 5377 3842 6438 1557 6705 9710 8555 8378 4356 7457 6179 3157 9968 3463 3174 4204 2137 924 3824 5446 840
28 5034 2681 1267 3191 2077 4652 85 9381 5382 4638 9849 3494 3416 5117 2756 9080 8863 3567 855 1361 6626 158 1877 7487 1242 971 6817 2814
29 2791 6786 9845 2856 2570 2600 1046 8595 8542 8687 9694 9298 7266 1842 1286 4567 731 534 3628 5271 5175 2405 7725 471 2692 4509 410 5536 690
10 7575 5639 8676 3004 5257 3943 8349 1258 3020 6349
10 8104 209 1399 7317 3604 2353 4189 1731 383 7166
19 9685 6455 5205 6711 5182 7884 6009 9392 4213 6727 1271 1692 1292 5262 7220 7090 4092 8129 9914
18 3170 6053 7876 6856 1797 908 8160 8193 7392 9247 1031 6861 5785 4997 78 1649 6105 1140
17 328 608 3381 6414 7735 2396 333 1486 9218 9958 6490 4122 6687 4751 1726 3422 5179
16 1689 697 9030 977 6886 6871 6893 8101 6832 9408 6094 6904 3225 4570 5011 9711
29 1852 4833 5771 2056 611 7209 7276 120 7558 3901 8407 2156 8103 2808 3894 7750 1741 8344 5908 6604 4982 8165 2294 7832 3158 9895 110 1713 1327
31 9191 8328 2649 6703 6023 7535 2453 3465 4074 9592 3121 490 2694 5929 3241 5249 1714 9193 53 7786 703 8927 7571 8457 7038 2069 3162 4726 3322 3571 6492
30 8792 2881 9511 9116 2781 6639 156 5008 1947 9950 7167 5372 3799 3231 2104 7624 8807 5039 4055 8400 5421 7107 6267 5416 7932 3198 1091 7450 2133 8838
28 271 9255 3066 9512 2551 5622 2270 7014 350 5353 6312 3277 4168 9428 999 2237 5463 7 5989 3357 642 7826 9200 5459 3275 6177 9747 749
9 7319 6003 9804 5674 8804 8303 911 3612 7069
16 5500 4836 9897 2543 3751 6830 6897 686 7153 6174 4166 9258 5492 6828 2593 7476
13 8277 7648 1830 9654 5783 5799 5124 636 5619 3314 1980 8693 1555
24 8979 9320 3068 3411 3445 9180 7278 1968 5260 7275 9436 8115 634 262 1632 9122 6432 9413 9063 3716 3240 8468 443 8311
7 4200 5983 3516 3889 9257 9764 9025
33 7428 4196 565 5240 5917 8112 4862 1152 8617 4105 2065 7488 4456 6642 3753 9023 8755 357 6167 6281 5810 6679 4188 3551 7121 1851 632 2890 7105 8619 3837 9567 3836
11 7585 3426 5888 6293 39 1942 3946 2315 1844 3012 20
26 5710 2118 7102 4658 6024 1169 7941 252 7415 2191 4173 9400 3736 1533 5568 3412 7238 9059 3517 3769 6768 2625 7079 2628 1479 5854
27 8447 8254 3840 2409 6580 4880 3623 3829 3429 4584 6983 4489 7007 1516 6975 3756 28 2785 4571 6091 9119 1440 4229 1390 5883 1680 455
24 1530 6307 3991 3602 2992 5303 1647 6648 8116 826 7679 1431 9160 7998 4840 9302 5385 5851 7280 609 3711 8663 1495 4779
6 1778 9462 5016 3828 8270 8596
21 7117 1869 9105 4520 2414 1926 9239 9835 3511 1974 525 7925 3730 7378 6050 5030 9525 2223 5264 4545 6300
5 3176 9385 1430 1817 9461
16 9495 6245 3453 1215 9466 159 4328 7903 5901 6036 2601 3436 3967 8590 4487 4471
26 6004 1640 290 6739 8368 3818 9159 3373 5899 2292 1791 9479 9376 946 126 1519 3979 8234 8776 3523 7056 3563 1694 2349 6074 6477
26 9401 2401 839 4020 7034 4854 6971 6188 4800 9482 7366 2402 5317 3635 243 9798 6928 9350 1056 6651 5916 8558 8499 3978 746 1633
18 6168 3821 6338 3614 3130 8779 125 4025 2678 2257 8966 3109 4116 705 2976 8222 1202 3797
29 2230 41 3632 2577 5135 8523 1182 9731 3981 4163 7764 7830 8237 5862 4335 5309 9212 8729 7974 3955 7155 5215 4118 4492 6792 2096 7702 8519 8375
14 9503 9926 7567 3565 3026 6034 9576 2355 3062 9228 2760 4209 2479 2758
19 4467 3292 4264 2859 8437 4382 149 1116 322 547 3234 5000 8946 4287 246 9467 3671 9792 9215
15 8892 6409 4396 5495 2831 9546 5088 2360 6946 852 8661 6378 4272 6542 2939
18 873 5417 2501 9225 1753 2955 6733 5349 4461 748 7299 5736 446 8626 4458 5048 5224 6434
17 8548 6765 1628 5107 3993 1613 1644 8869 5033 8801 2612 1104 9667 6437 9322 8721 492
25 8978 5757 8521 6634 9341 8615 4724 9288 3466 6319 8343 9939 5565 9867 4950 1289 7354 6214 1462 504 3899 4691 8797 4841 9334
15 6875 3017 7444 5383 9009 9807 7652 7480 3804 8322 8235 6770 5024 6096 9811
25 4112 5025 9382 8653 9527 1676 8244 3534 618 3573 4992 1668 361 4280 6947 6037 6837 8634 5588 5015 7660 6358 221 3298 181
27 8203 8440 4202 1684 6357 5344 4944 6426 5208 3267 5464 4235 7635 6854 7405 6249 6561 7500 4579 5570 451 625 2002 5784 747 5647 4883
27 3773 4863 1102 8176 3290 691 7715 4031 509 4784 6800 6140 6839 1967 1921 991 7599 594 8753 8315 1760 885 5797 2259 1570 4723 3987
11 4575 364 1165 4234 1769 7388 3662 7765 5884 6889 6365
15 3291 688 6363 4688 5529 1253 7071 4936 9197 3189 2080 3950 9555 5599 8717
32 200 5535 1200 4404 2041 5656 1079 9242 1494 9655 5861 3974 833 7614 6898 4221 3757 2933 6581 4590 9955 1277 3078 4745 6936 2005 1127 2046 9668 763 7008 9850
7 3910 6473 4291 4544 7684 905 8047
25 1142 615 8614 6402 8151 9833 6630 5394 5211 4988 90 8127 4521 1463 9086 972 185 3336 6256 9760 7181 5683 1599 12 1207
26 7314 35 7438 9604 2527 4792 3648 3930 6333 4942 9213 8616 2213 6655 4067 8673 2950 2068 4517 6801 3246 706 8964 9676 955 702
15 9602 720 7867 6392 1667 992 9276 6805 3624 7267 1123 6622 9043 1501 1000
17 4624 1233 9951 1685 7092 2696 9684 9195 9019 9598 9047 5084 4859 2823 8398 3274 5404
23 3779 7870 8747 9538 8642 9364 1412 2966 425 5099 8326 3262 1932 8258 5705 6092 3658 4922 1517 9719 5657 8666 7673
13 3362 9843 3316 6772 1720 1075 909 6522 1342 6325 4573 8769 4321
20 8786 8536 7434 4024 952 4664 7829 52 7334 272 1679 7749 3372 7262 6726 366 3902 1832 809 2445
20 5295 1175 241 1349 9177 8585 7931 8691 8446 484 7594 953 3846 3216 1590 4033 2631 1130 7615 1956
17 3317 1518 9657 4806 8530 5267 6313 7425 9481 6930 7609 4365 5780 7184 5202 3080 7219
25 6192 7465 6413 9450 753 5375 9475 3952 876 4858 9268 7508 8562 5188 2125 6397 467 4681 3777 9448 2454 8365 416 6621 3388
31 9806 419 9947 9634 3537 2852 7643 6902 5160 4211 8901 2078 8705 3907 5958 9706 9816 733 7521 1094 5739 470 3387 7590 6632 7596 4783 5609 8714 2902 7391
29 8224 4050 2967 4587 4007 8951 2802 2377 1458 847 6161 1393 9724 2281 1612 3761 7142 129 4237 1058 1566 1806 8734 9551 4864 148 4811 8089 2914
19 3510 5621 3701 9375 7595 3165 6237 5610 4496 2400 9292 6970 9113 9917 3893 8958 2204 964 9515
3 2074 2212 5513
25 5540 5602 2352 9118 8259 2119 462 9623 6562 5155 5140 2837 6444 4912 4878 4259 1964 3700 8248 4917 8474 7841 8230 6285 5147
7 1208 174 1795 7054 9898 9336 7154
16 1177 6425 7668 9100 2240 3230 3806 7780 5740 3175 3040 5410 9210 1095 3417 4197
18 2495 511 354 4366 4819 2977 538 5391 9460 3973 2995 5589 7736 9041 7484 3492 7214 4049
5 1970 2754 5952 1745 2053
17 7975 5090 7323 9871 7883 1529 4874 8512 9933 803 7012 8305 2575 6766 197 1118 8543
24 730 95 4410 5351 8034 9832 7162 767 5941 4939 3496 4019 1603 6391 7006 2438 1736 1411 1982 5877 5339 4271 5493 9614
26 1955 7243 6352 9190 100 8403 91 8970 967 4068 3877 1402 7286 2532 5502 7195 983 3481 577 2199 3355 7336 4972 5623 9909 3238
21 2782 8856 9182 3721 1346 8300 6178 1831 7857 8551 4121 8345 4357 4893 4562 4440 5097 1622 4831 7408 3705
7 150 5686 8682 922 4643 4027 3064
17 9543 5777 6749 1491 1222 3732 6336 3970 7274 2989 6238 8678 1793 5831 1662 401 6348
16 9636 9314 233 173 4852 7914 9348 1382 1035 2433 7800 9865 6464 5363 5618 4865
24 9078 4807 6498 8955 6244 461 8945 1051 6680 624 7259 8961 9480 7352 4626 8810 9708 5456 2894 3911 6136 5248 7968 86
31 3541 4153 7683 2000 8273 9035 4384 7555 3584 280 8148 2622 5725 319 2607 7389 1656 4916 592 2144 7646 3013 9966 9404 2723 6084 3835 9309 8503 8861 4695
5 2718 191 4599 4580 5348
11 409 7312 8940 9134 2434 4300 244 5844 7907 9031 6190
24 332 9477 8529 8037 3418 7633 8023 897 320 7164 5092 9880 1435 5102 2344 4459 1740 3844 2728 6637 7667 1195 9123 8594
26 5887 5756 7246 5853 6422 7216 106 9027 8631 7516 9882 1461 282 304 283 6682 9366 7130 1187 4501 3598 3684 6564 7233 3890 3749
15 6879 997 3919 676 7032 6180 6812 628 7022 4216 5781 1506 755 1367 7343
25 2780 4705 9738 7901 2817 4636 9624 5635 7659 8760 1924 9056 6339 7734 8971 4176 6841 5703 5762 4010 7681 2219 6573 1619 790
10 4507 9954 3653 1798 9343 9590 9217 6046 4303 4220
26 4665 9628 1843 2639 4065 938 9584 3308 6138 8268 8974 3470 8470 6083 3913 5320 7871 539 8076 5326 8778 6878 5673 9007 7087 0
17 9805 655 6000 7494 4986 772 2187 4623 6106 1638 9810 405 2109 8817 8141 1125 3088
14 8346 1655 3885 4656 9209 6570 5994 3843 9438 1197 4802 4675 8814 1339
9 5282 596 6523 4485 7043 4006 7695 9342 5573
7 4502 935 8854 3169 8485 1376 9765
29 8382 7557 381 2952 4171 6380 369 2314 3155 9388 4113 4125 2935 3222 5704 6940 3968 5597 9091 3379 2282 9959 9437 1732 5867 3715 2196 3041 8980
23 7249 8554 506 2178 7010 2275 715 1944 6120 6696 1814 9355 4407 7101 5420 3142 6014 7385 6988 605 9253 7228 3857
26 4761 4613 1465 9138 8667 5567 5569 5201 2599 8993 7743 7588 7798 4902 2789 6528 6372 5980 3452 3581 5142 1426 5894 5942 9168 5718
7 1804 1550 476 2583 2730 5937 8874
30 9874 2497 9345 6652 7245 300 5695 3451 4497 9729 3731 724 7077 1308 4747 1383 2443 3235 276 8015 3376 3670 6852 3954 1927 9648 2307 4354 4308 729
25 8351 3816 5668 3433 5437 516 215 202 2228 7004 9541 3256 22 9456 7945 4678 574 8202 9417 7739 1336 7983 1425 1958 4296
14 8157 4107 8831 7759 7411 643 2407 8533 5289 8502 8097 744 7538 2887
17 8835 6012 5662 4764 3364 1985 4588 3823 63 4182 9398 2795 9891 7676 6955 4203 2659
15 6536 9557 4035 1355 4021 2613 9101 23 6276 5118 264 784 143 3035 6246
14 9744 4940 8742 9858 4227 4699 4397 8843 1960 4343 4329 6614 7310 2998
16 3866 5699 6742 8989 4481 1886 3530 4773 3710 3450 9908 6908 1027 6151 9977 9476
21 7373 3270 2323 1762 7171 5951 6579 7805 8075 4117 8033 1248 463 9229 4232 8049 8656 5350 7497 7031 2951
25 5017 6503 8236 671 2217 6133 8956 9701 1069 8864 408 7194 9299 6253 5527 9994 242 1882 3359 1262 1375 6354 8683 5362 5476
19 9631 6645 1294 177 9900 4838 9235 5633 1214 1270 7892 1404 9942 1549 3886 1636 7374 2606 391
10 7430 3022 1693 6643 2320 379 1004 8007 7909 4962
27 5285 956 2036 4704 46 1583 1415 189 6548 6306 7566 3661 11 2218 5061 6486 2381 4187 1321 9124 460 2704 4702 2098 2697 8226 8850
13 3830 9353 3047 8194 775 2260 4278 4653 2907 5105 7407 6157 5226
20 1527 9640 3680 1496 9647 2045 3896 5632 7564 1176 2021 7651 9783 6116 4660 1296 9978 9825 8771 9693
24 4349 7277 8937 8167 2661 514 1220 1504 3476 6864 3845 4667 3592 9998 1624 6552 8107 8668 7893 9855 5078 3312 9921 5895
21 6265 3938 4938 3232 9836 8800 342 6868 2431 3738 9435 450 7917 850 6869 9308 5454 79 8802 182 8279
26 3263 5711 1902 7730 9156 2220 1752 281 7754 4821 8293 4701 3154 3299 7782 3330 9957 6224 1623 3383 5119 8461 2953 7257 7593 5423
28 428 6842 7190 4645 5913 2556 6962 7971 2264 3210 2632 9862 1444 4619 80 7345 6126 4719 7545 5677 1829 1526 9332 6890 1437 8267 2830 9568
17 5562 7178 7645 9026 8601 6043 356 3413 9293 5333 4738 4612 9791 7170 5960 8080 9993
13 4673 846 9130 4017 7762 3133 9553 2548 1264 7866 6591 3113 6322
31 1223 9625 2937 4099 9889 1631 2652 5803 7770 3754 4111 216 5976 6366 7024 7788 9250 72 1749 5217 2354 2752 312 8712 5775 6592 4676 307 3971 5596 6533
20 8410 7934 572 7477 5426 1211 9641 883 5062 434 4770 9403 5793 2269 6028 7044 4180 7863 8216 4286
12 3512 1949 2473 9044 6303 4952 1360 140 2310 3931 5973 758
31 8448 266 7922 9537 8118 4503 9232 2505 6737 9424 2898 3862 3498 2874 7222 112 2153 1307 1154 8242 1854 9021 9653 6351 1083 4193 9391 1086 5269 901 2090
4 3490 4016 3936 7678
10 5516 7662 7387 1455 4969 5684 3469 4159 2909 8563
17 7666 1508 9872 9761 9737 4249 352 6566 1875 1466 6728 2506 5072 7106 6600 9451 8612
25 7255 6818 4953 9842 3513 5087 8500 7422 4282 1774 93 5658 2504 9110 5786 5216 4715 3389 9699 2371 6577 9726 3941 7395 4641
15 8338 802 267 9037 5082 3770 9284 3694 8605 8919 7803 7617 5003 5977 3458
18 2973 9254 6771 982 422 8806 3099 4236 30 2910 1876 6375 5472 8872 9894 693 5274 7760
24 6420 5158 2653 7988 1480 1476 7843 5302 9644 3323 1235 7189 4460 4647 7063 2500 1763 2155 4215 8515 4129 9432 8507 3644
29 9045 4733 3414 8188 5576 6081 1338 8401 6909 9441 2766 3509 7205 3847 2765 2850 5191 8593 4620 4000 7291 8754 1268 7244 7625 8053 7977 1809 316
17 168 9289 1977 3326 9249 6709 4051 9893 1238 6394 7261 7539 3287 7350 4305 6676 3286
27 4875 8348 7916 9263 9075 8827 6248 2246 9444 7807 5537 2478 6863 2978 9181 9597 1167 2553 1329 6781 5752 8765 1161 9339 5685 6250 1837
10 5829 5719 5678 5228 9564 4744 2291 9687 1922 8000
25 533 1601 9135 1587 8909 867 5221 6769 2231 9237 9470 6798 6130 6530 735 1124 5128 7240 1764 165 5773 7946 9971 58 4649
11 4720 8192 4373 743 1131 3809 54 8684 6700 9771 8308
22 9633 4657 6927 3775 5400 4195 9980 9226 3425 4892 4085 8918 912 894 7904 9384 6995 654 5331 4755 7242 229
16 9815 6454 2927 6537 8737 1859 2107 1799 4642 9141 8788 9873 9294 3488 1408 9507
27 6360 3594 6101 7811 4776 7081 485 6218 9659 7065 2017 8432 1770 9431 8427 4102 4684 7175 6400 1548 2226 9840 8364 3576 2252 8877 7311
26 6547 7994 9972 2076 5238 230 9054 5770 9074 6114 1188 698 17 4978 1850 139 363 8704 9531 2028 4956 4931 3819 4918 5077 2880
30 2399 1777 4914 595 9070 3531 949 6907 6806 7689 8105 1756 2715 9583 3152 8442 1853 6429 309 5898 2038 2475 5726 7981 6194 2725 1379 2886 60 8195
4 6942 3666 7211 7110
31 284 4101 7663 8785 7769 5782 1048 9837 8603 5462 7502 399 7935 5715 6609 887 537 4442 9877 3237 8914 681 7845 6976 652 5560 13 108 7138 757 1254
17 199 1873 3112 4372 2771 5701 9272 8058 4871 5356 1639 9420 6451 4317 4364 2623 5055
26 9586 2181 6480 578 523 1589 2393 3044 3811 3782 6447 2546 6226 9661 5258 7447 2027 5203 1894 5788 5814 6007 176 913 900 4445
4 498 5593 2343 5903
26 1240 4028 7232 5422 1232 896 5713 8694 4247 1912 6301 5256 5380 134 5600 8725 3212 8532 3438 4925 4361 6049 438 1064 2961 3097
21 1206 8815 4824 6345 4566 255 5052 7582 4512 3352 3195 7897 6525 2378 2195 2647 1244 9622 944 3734 948
10 318 5352 6647 8038 9741 7894 2179 1203 3924 9824
19 1986 7442 2799 2751 9718 5552 801 6469 50 9389 8201 5905 5643 4943 4095 3273 8908 8825 9690
25 135 6710 8995 907 9964 4857 1282 4314 5708 6443 9534 2341 8935 8822 3242 1618 7584 1696 1890 8002 1574 6487 1149 8893 6461
24 9297 9795 4409 5628 4477 6460 3499 5700 387 8928 4453 4625 1747 543 9758 6712 2719 2903 6509 5490 2499 1333 6419 4005
16 7000 2635 9492 4318 9981 1143 217 9665 1780 3223 5277 132 3132 6107 1356 4054
11 4920 6021 6173 7263 6359 1297 8820 3211 9240 5444 1015
24 69 1792 9065 66 9561 6659 8664 5879 2057 5094 3328 4669 4651 4038 3593 171 3399 1743 8360 4694 2485 787 124 5067
15 3875 656 6601 5409 843 8296 5123 1568 2468 613 5384 2189 5396 9275 5979
12 3050 4602 607 2984 8968 5178 8625 4284 7204 3762 662 7906
22 4830 2741 5050 2160 2602 6331 6882 5514 4147 2040 4470 576 7100 5921 253 5754 7854 7844 4640 664 7348 7705
22 3544 5650 7386 7309 97 8998 2025 9324 4340 2148 2793 5763 1782 2739 6154 8041 5022 9126 9443 2865 4996 8363
2 4011 8727
14 4482 8609 1189 2072 7873 3790 2846 8182 2534 6722 7809 3687 8959 3858
24 4285 5892 6966 7096 1311 3258 1930 893 7525 9221 8334 3536 7529 8621 5778 5019 7886 8845 6675 2872 5121 1868 1213 302
8 6029 4973 7479 5279 9478 5301 7305 9287
26 9485 1272 2464 7636 3122 7562 4677 1433 3752 8871 8450 2309 8428 2526 1310 4316 7454 3881 3582 3001 6227 3642 5873 3504 8762 9354
28 1326 4585 751 6089 4930 8938 8373 4722 8109 9143 7806 8926 5268 8390 1989 4262 6077 5448 344 8045 336 3125 1419 3627 6317 4540 3224 2408
24 2518 6141 6078 5169 2192 5608 8659 402 4472 2841 5411 5005 8004 9593 238 3150 2340 7583 6314 7029 4375 7307 3702 3110
28 8816 5012 3057 7548 1250 6784 3622 4828 9077 7474 130 1584 2052 582 5340 2861 6714 3980 875 9725 4817 9663 7023 2579 7338 9465 7696 1898
9 7196 2128 4347 7316 7727 3432 8511 4685 3341
21 4228 6729 646 2044 7315 294 5452 5001 9911 1330 865 8017 5210 9333 3356 684 6124 8172 7517 6144 3367
15 1997 7464 7848 227 1606 331 6860 404 4488 6867 7473 1044 1380 1128 8948
21 2440 1755 3190 4326 3205 550 5804 6165 4549 8166 3101 6308 1351 7124 1388 8875 226 5392 860 4199 7600
15 3475 9064 1319 7921 4155 7961 162 8757 8417 1577 4402 4753 3533 2103 6944
17 9109 6969 7191 8412 9742 8072 6641 4690 2319 9006 3039 4330 1337 4212 4312 2175 7773
28 8285 5620 146 6989 3532 4270 1896 7794 8316 1417 7823 194 5470 1065 260 3331 154 8436 2420 6532 3820 7970 8859 8756 1484 5676 6019 3780
14 448 8187 2033 6132 3524 2875 8638 8159 7381 6921 7967 133 7972 8622
20 6128 5291 8665 9645 524 4559 1357 8361 2611 5943 2700 7076 4026 5164 287 6586 4151 3033 4416 6441
19 780 2180 4709 6850 4353 8987 9379 9208 3610 2063 581 7461 8569 8215 1155 6145 5928 9787 6521
29 2425 497 5069 4639 6374 8560 5702 8644 7915 7493 9300 2938 1871 3454 6743 3186 8775 5651 3045 8335 9674 8336 7753 8162 5418 4926 1987 3128 9960
12 854 6512 853 3839 8257 8288 3421 9192 4711 936 8688 4646
14 9705 3616 5428 3366 2673 9186 7247 2699 4146 3728 1849 8572 4324 3965
14 8823 507 6399 629 7513 4072 4073 9378 4964 5004 3447 2721 9740 2055
27 1186 475 4541 709 1110 4775 2174 6885 6103 2086 2645 1715 1810 8540 7842 8749 2358 7265 6539 4963 8567 4097 6847 8443 1808 5272 1403
28 6069 7710 1733 2930 7777 2394 3675 396 9028 9303 1709 2159 7510 9630 701 9423 7377 8006 8221 4771 2158 3151 2427 4737 3427 7688 794 1653
26 7874 1386 3542 5601 9068 4798 7066 711 6677 3750 6775 3077 3221 8903 5032 4547 7046 8584 2215 8526 8828 324 8451 8707 8251 5244
27 2896 1281 2979 3785 8263 7370 1008 3874 6699 6883 9607 6231 6415 7326 7819 6778 8513 7820 4165 1183 954 5397 4081 1478 1085 3652 3741
27 2132 3054 708 6172 7761 3895 6674 8099 3007 3854 7627 6953 740 5767 8649 7853 3707 2708 1616 9399 5126 9115 764 7951 5485 3378 8897
11 4003 8546 2082 6463 4367 8269 8130 5368 8613 3126 1115
11 9483 8318 2489 5 8483 593 9606 3464 1185 8100 4908
14 9613 1381 6636 7930 5165 5468 7979 673 4178 1080 9599 8275 8607 7281
18 8419 8035 2304 6491 7576 4528 2533 7089 7828 5144 573 1607 8880 7283 2521 8174 2786 8674
18 4629 1721 969 6925 7341 7647 9205 6102 5904 7531 1072 8476 4419 7218 5889 3871 9120 9387
7 9702 5642 9033 5766 3669 9377 2376
16 856 633 6196 6270 3345 1846 546 2906 1820 3606 692 5171 1597 9902 1450 5071
14 4405 1146 8294 3525 7995 6827 3171 7358 4577 1483 8423 6701 56 6212
24 3566 7152 1168 8981 5021 7872 2241 5041 1592 1320 9884 2580 4746 8524 8325 600 3503 3526 1174 8405 8777 2491 899 8925
19 6984 4595 2954 7176 7501 9779 639 4906 257 1370 335 2895 9883 1400 4240 7606 1641 9749 7834
17 6903 8059 8504 2745 4966 821 7837 8062 6932 5451 7592 6905 6515 756 9552 6569 4531
20 3740 127 9458 3609 1979 2234 2383 5305 8646 6820 8933 5734 1525 6612 8068 7419 389 4339 70 4348
21 1963 92 7856 4331 6279 2972 1096 8960 8492 889 3689 1650 9386 7541 9211 6691 1126 7519 8611 6355 7953
15 3972 5187 4913 8973 560 9639 4498 1981 9934 1840 2729 2299 2486 579 4374
25 7380 3119 9846 403 444 4415 9574 3772 9778 3251 1783 278 3351 4351 6776 1026 9318 9170 5850 5595 2666 8658 6448 9642 5434
9 9743 3082 6698 353 7503 454 4244 3085 2346
14 9579 2648 4924 7383 8469 6791 5936 3998 5745 9206 7989 2145 7568 635
26 6764 376 4344 4756 7629 3657 9652 8645 9611 3851 3271 4947 3473 8010 1322 2010 2047 5823 4961 2342 8124 9069 2853 2594 1043 5659
10 2245 3116 4070 7703 604 1730 2487 8913 6606 623
16 1 660 6346 8860 1768 6041 5306 6064 9785 5026 7626 4217 6396 261 2099 6063
14 9464 7203 4400 9151 8014 1872 6297 2547 1716 2630 4789 2768 6176 2430
19 9002 645 6589 7746 105 4089 254 575 4279 6513 6785 6774 7016 2197 6697 528 3076 9529 1284
21 1863 4786 2075 40 2121 4884 8746 680 8031 2947 3962 5512 7520 6945 3800 3944 4401 7833 7597 3310 7537
24 984 9262 2706 9809 2867 3505 6751 4426 7149 515 1629 9682 7723 7875 7838 9522 2974 5109 7851 1704 2022 7332 3733 3633
5 7686 5036 2126 4119 5441
15 7174 9678 3482 7466 1101 459 5031 2498 1695 7815 4175 6371 9615 2929 7053