23 221 234 36 33 290 187 57 113 174 239 295 61 114 283 81 219 55 142 30 97 178 52 132
20 216 179 65 260 150 156 96 241 122 26 170 48 101 16 196 141 256 293 169 2
25 167 110 4 286 133 227 56 38 79 232 29 40 185 209 73 42 118 98 223 59 297 231 37 153 175
23 0 116 7 299 210 137 285 129 91 282 121 243 22 6 25 45 266 145 17 251 272 84 274
21 180 72 203 95 225 63 224 128 146 254 268 191 140 10 205 292 71 126 1 9 165
21 296 103 24 13 15 261 226 277 284 271 177 147 90 201 20 51 104 262 240 49 183
19 168 88 259 193 107 213 281 222 82 27 269 70 139 255 289 120 233 173 130
18 54 80 62 273 200 245 32 217 111 109 190 119 112 12 215 229 94 257
21 34 75 276 218 263 19 166 214 202 158 160 76 131 291 31 182 43 279 270 278 149
18 108 294 92 74 44 188 102 14 236 197 93 5 238 115 67 206 194 77
18 85 8 246 220 144 267 39 28 64 207 195 235 248 242 176 47 143 211
14 275 148 58 105 21 230 244 11 83 250 192 100 135 151
15 87 134 136 18 198 53 172 50 258 237 287 78 280 69 247
10 41 162 171 204 68 89 138 264 154 46
10 184 159 125 157 86 163 124 265 228 123
8 164 161 60 3 23 181 152 189
7 249 127 253 35 106 66 208
5 99 298 199 155 288
4 212 117 252 186
0
0
0
0
0
0
0
0
0
0
0
0
0
0
0
0
0
0
0
0
0
0
0
0
0
0
0
0
0
0
0
0
0
0
0
0
0
0
0
0
0
0
0
0
0
0
0
0
0
0
0
0
0
0
0
0
0
0
0
0
0
0
0
0
0
0
0
0
0
0
0
0
0
0
0
0
0
0
0
0
0