3 9504 4512 7581
26 2581 9397 5694 4569 6505 6846 9224 7321 6020 1827 7365 5796 7608 4961 2342 1127 79 6796 8579 7044 4728 2683 540 1147 70 4348
9 7013 9231 174 1798 6890 7059 486 2970 7432
10 8773 8819 4014 1061 9468 4680 2727 3558 5454 4483
23 7270 7113 3227 3925 3550 7462 5379 3293 7062 6801 7396 681 1895 9098 6599 2363 9217 7338 2878 31 2007 7568 5637
7 6252 5815 4119 5441 6285 9499 8363
25 719 3338 7808 4433 938 9584 3308 1255 6708 366 4093 6774 4710 3489 7531 6142 3650 8821 6033 8905 6309 6075 1374 1213 4180
30 1178 9273 5962 7457 599 9089 6134 6808 2272 1428 5004 3447 7094 5793 2269 7639 1483 4402 5776 1759 5146 7606 6088 2224 8613 2819 6191 9380 9536 1410
5 3696 6274 6082 7693 2053
39 5137 6762 8990 6283 3247 584 2796 862 7796 1842 9447 2943 4452 8920 7327 941 8436 4001 5456 5333 4738 7332 8132 9606 5423 7279 7073 1536 6876 3931 8249 316 5604 2961 392 8884 1082 1055 5244
4 6031 211 2288 2620
20 7109 9925 5851 8525 4039 1632 1925 5492 6690 1661 8985 2795 9465 6411 5831 3612 5533 8490 7825 7058
37 9256 1949 4171 6380 369 2314 3155 542 7422 2086 2645 2370 6619 736 9767 7781 8725 836 5925 3484 5068 6027 9111 7201 7923 3711 101 7705 9024 7409 3405 9637 4140 8641 5865 8618 8921
41 6403 208 9537 8118 6719 1864 286 2842 9238 5074 5256 9157 2513 4248 7755 6824 6353 5625 997 6707 3391 8473 363 6736 7855 3497 3771 5053 3822 6768 8853 1969 2170 4445 4976 6881 3719 794 1254 4338 6127
23 9913 2031 330 531 2385 1511 3867 7187 9082 4853 2541 9279 4022 9439 3914 5459 2671 6979 3304 7228 7524 1377 298
8 3580 474 568 9313 2695 2009 6277 203
19 4435 1560 5721 933 6615 6216 4593 3439 7569 9639 4498 1981 7754 880 2373 3404 3939 7551 5975
37 1992 4078 5868 48 6412 3629 7005 7534 2790 1943 193 6067 6674 8099 8562 4456 3121 2078 5470 8107 7703 4727 411 7559 9854 8924 9147 2298 6112 0 5889 5659 8607 4553 6748 4186 5841
23 1209 8292 7399 6670 4309 837 2135 4090 3442 6381 3307 5300 2220 4939 3496 4019 1603 6391 2229 5911 4312 2175 7773
15 303 7956 1515 1757 187 8640 6466 5440 4525 8310 4008 9847 8477 3669 9377
31 3253 5018 5970 2519 2735 672 549 7561 2330 5534 4167 5909 694 7944 3161 9587 4110 5912 1360 4401 7833 7597 5833 8503 7717 2259 6057 4886 4823 831 3687
37 1315 5299 3869 2356 8878 3624 7817 5998 2104 4426 8911 5981 4805 512 6773 5561 8199 2563 6318 5098 3483 1164 8121 3467 5030 5197 3835 2870 6358 8657 4463 8174 7801 1301 5159 797 234
19 1335 2949 84 7928 1543 9707 2571 8175 7463 9619 3090 6815 9836 8800 4397 4072 2390 8693 1555
43 4839 1900 7965 2432 88 5335 7475 2920 677 2465 7657 4494 6263 1097 2247 8785 7769 799 4689 5262 4688 5872 4518 9142 887 6785 8673 7217 7802 2500 6385 5196 551 5987 1807 6671 8349 1174 9995 603 5126 4943 7522
29 3156 6783 9393 6002 4379 3607 5693 4742 8731 713 5934 7342 1331 1746 9234 8018 6179 3799 3231 7231 8218 1945 5984 9372 8135 7233 3890 8866 7069
29 4094 1066 4377 9976 9084 6822 4601 9003 2015 2805 4388 9547 186 1727 1824 4076 3013 9966 9245 2820 7550 4609 5266 642 5328 5145 2725 4199 7600
31 5497 9752 7429 1305 9563 6689 3817 5324 6706 4071 9140 1232 2661 1109 546 7453 8975 1816 1036 5542 6388 2202 7033 8256 6401 9585 6207 6441 7146 8594 4716
18 5192 3055 700 423 9514 2720 7861 7936 7483 7147 2251 712 1991 2886 7946 7603 3627 1118
18 8518 1273 6901 7070 1105 6085 4378 6375 3593 9444 8775 5651 3045 6431 9055 3273 2902 1190
21 8890 4359 6006 3568 449 6117 6289 3419 1056 1894 2258 8230 6349 8666 7673 4820 6118 9215 2411 5988 3892
14 4679 225 7096 1311 7150 893 8926 7594 953 3846 2021 4002 9022 1626
36 5445 2883 9305 1867 4758 2917 768 9897 2543 2547 1716 2630 2332 2614 9225 1753 2955 6008 5220 8068 7528 7930 5595 9323 4381 9099 4757 6653 4412 7947 6005 7713 6288 4047 8301 626
19 4059 1138 311 3468 5409 5260 7275 2264 3210 3141 5862 4335 9456 2524 8889 6347 4166 4900 5067
41 7957 769 5717 7499 9409 6735 5377 3842 6438 1557 823 1263 6744 8115 8779 125 42 1763 7578 226 5392 6232 1858 6394 2625 452 9746 6573 1619 5485 9095 7565 6481 8898 3480 472 5253 8171 3617 2813 7223
24 519 606 8708 3549 3167 5615 4706 842 5112 2293 8574 8207 1580 2686 559 7344 1415 189 6548 6306 8540 4272 6542 2939
23 1776 8950 563 3323 1031 6861 5785 4997 78 7707 9153 6777 5963 1941 5611 8528 2615 1680 6914 5821 9573 2208 8069
27 6663 5235 585 7318 8965 5730 2851 701 9423 4801 9389 8845 5401 4373 3668 9973 204 4269 9787 9609 436 9210 598 8488 2277 4865 5538
16 9679 6807 6831 9698 3708 7610 1876 991 7599 594 9848 1953 6738 9865 25 8679
18 5860 8670 6308 4902 7397 4963 8567 4097 1165 4631 3076 4598 1703 631 1156 7593 2853 289
32 8758 1908 172 9018 8421 8882 5837 2884 3203 2415 8857 3007 3854 2804 9513 7918 1012 1921 3595 3841 3437 2685 1654 2494 2555 2493 3634 9578 8934 2704 4079 7093
40 6916 3555 2008 2944 3430 1904 7337 5453 881 8742 8860 281 5959 7654 4722 8109 9143 7806 2535 9337 1854 9021 3136 8846 4015 7992 5588 6022 9525 2775 5290 2976 8238 1903 421 4977 7154 3571 1510 4120
19 9888 1005 9979 6361 8787 7156 6199 2736 3240 1426 4474 6390 8352 8369 7953 9714 7968 7215 9259
20 2316 2576 2941 3321 4874 7871 6530 8170 8201 6660 829 2380 6892 1987 3128 3671 3041 8877 2730 5150
19 2061 8395 9291 7293 1784 1372 2714 3459 9274 442 5816 2470 9429 7256 1023 1666 2350 5645 8730
11 5086 961 157 61 3168 2297 7940 4394 5768 8814 1339
14 4058 2384 1053 3736 1533 7982 1370 5570 1657 1498 5110 5200 270 4793
41 4618 4894 5341 3692 5881 4873 8302 945 3424 277 7637 9696 8133 2825 2171 2693 3285 2089 9983 1681 8916 5073 4009 9163 1310 6122 1818 8753 1678 5355 8041 1083 3581 5961 3048 6934 8908 4339 5891 1823 6060
45 7929 741 9020 554 6912 2515 4159 5901 8150 8063 8547 8764 8650 4789 4878 4259 6025 5722 6790 7354 6709 1673 7056 2127 8457 5297 6516 981 6108 6700 9771 5130 6007 176 913 900 8089 2914 7035 4905 9878 2677 3656 6750 3478
17 7401 622 8086 1406 9246 3461 9469 5920 3906 4615 704 5374 7309 97 8998 3751 6686
35 4855 4948 6004 1218 2537 9071 2654 1475 3646 8014 2121 4884 4856 3213 5180 304 283 5168 964 3707 7155 2517 8852 2800 5331 4755 9907 5085 7841 915 8514 7170 5322 6614 7376
22 273 9325 5649 2209 7118 2072 7873 3790 2846 8182 2534 6722 7809 1285 8046 4054 5499 5125 9281 3880 2627 9329
22 3444 5769 1664 9207 4066 4536 1609 3608 9072 686 5852 7723 7875 7699 3878 2616 6531 593 3600 5788 4416 6594
11 8703 7862 1111 8445 5660 2045 7837 8062 3086 7439 8330
29 117 8329 8578 7778 1302 2680 2025 9324 1934 4212 3065 5258 2311 6802 814 8357 4252 7890 2868 5938 9904 3096 721 919 6097 3604 9622 6606 9154
7 7913 3325 7816 3746 377 3986 5226
33 6695 4143 7141 7911 6485 4387 1192 6077 2003 1548 3385 8885 4889 7225 9088 1153 413 7452 9338 2946 8943 8380 5596 6045 3369 8717 1287 5413 8311 5047 2329 2847 1701
42 7040 4346 4495 4586 1838 7889 7704 3160 9412 1564 9104 830 5503 9410 5557 4532 9319 3845 4667 8799 6775 852 8661 8345 3267 9442 213 2236 5109 7851 8751 191 4599 4516 6993 1826 6052 2280 5666 1293 7527 8178
23 3855 6541 7455 1605 7180 1090 4184 5507 306 3179 6761 8716 9891 3932 7836 6895 2318 6421 3984 2203 5225 8543 4124
32 3371 8559 2774 19 9090 7846 530 5307 7882 657 6850 4353 8987 9379 1638 3031 6883 9607 6231 5191 2159 5184 6574 2396 333 5490 2499 7736 3794 3440 2811 835
25 9675 8520 3918 2942 8435 1625 2657 8915 2338 6305 5830 8761 6013 9809 2867 118 7967 6642 6463 5613 7954 8802 5791 6275 2593
30 6198 4829 4449 6379 4209 9300 2938 1871 3454 6743 3186 3894 3339 9758 7650 577 2980 478 8709 5115 6500 6623 1238 6417 6011 2865 4996 5545 1652 5790
40 9449 7097 1686 380 990 8945 1051 6680 624 7259 3241 5249 1714 1597 9774 5320 2285 5383 3244 6337 3059 9588 3725 3804 5275 6284 8032 367 3166 4287 8144 3250 3126 2185 6434 2300 3723 465 5173 4891
24 4307 6961 489 6780 8783 3358 217 8584 2215 3935 6224 5614 6310 1462 5671 9603 5775 9857 6673 4556 6302 1665 2161 3870
21 375 8420 8698 1447 9347 8376 8774 9559 4225 3193 1513 8153 1145 7939 1976 7966 738 3777 7721 4748 641
30 1040 1724 7435 8262 8020 5060 6068 6756 9830 5566 6316 5511 8768 5751 8094 8996 3750 8826 8007 2621 2561 4582 6939 970 3300 1132 1371 5270 3144 5573
38 222 3103 7877 2313 3049 7198 1251 1959 5156 6584 5690 7448 9516 2035 7143 5442 7009 8590 4487 6712 7353 8258 8387 8438 1068 4762 9664 8704 4771 4954 2889 6506 9041 2759 1419 4408 7722 5883
31 9550 9199 8030 2108 5915 8288 3421 9659 9219 1967 9043 1501 1525 7552 414 9244 2567 3980 6847 2728 6637 1596 2403 8465 571 3084 7902 9642 2594 7489 188
18 1135 6205 2087 3446 682 7897 6525 2378 4370 4222 4201 291 4192 7264 418 2092 7491 2812
29 3578 5679 137 6495 5992 8074 173 806 3674 877 5421 8362 2757 1449 9017 7294 2091 110 346 3087 653 5940 1122 860 2637 488 5688 7964 5254
26 5424 5716 9581 7849 666 6582 7271 9230 9026 8601 6043 9152 8539 4280 7962 385 6180 2965 8757 8417 3089 9726 9197 3876 8999 1545
12 920 1353 8184 9763 2162 3091 3151 8340 4812 440 8612 5390
43 9799 2912 5161 1227 658 9864 3949 8272 9928 6657 3499 130 5372 2829 9790 3216 5083 5172 1047 257 5165 2763 3344 7925 3730 2826 8315 7644 5726 4956 2165 5623 9909 6676 6384 6789 6603 5230 6919 3562 136 5697 2169
34 2559 268 3655 7512 3572 9316 3786 6327 164 7840 7665 3904 9388 5782 1048 9837 8603 5462 7502 4718 1819 8004 9593 5061 6486 1224 9488 2871 2688 114 4500 6935 2666 820
30 372 3281 4644 7282 4371 2667 9482 7366 9724 2281 1612 3761 7142 129 4746 8524 5597 9946 6667 5761 8392 4238 6554 569 5151 630 4174 3978 3260 5316
35 7952 6694 9405 3640 8449 5049 502 119 4782 8042 5799 5124 636 5619 3314 3039 4330 5472 8872 1042 3856 4903 2039 4950 1289 1316 3809 54 4797 1607 8899 5129 5560 9301 7458
6 3654 6298 2700 7076 3397 5968
37 24 1735 3667 6139 817 7210 5189 3396 2305 4376 7579 6967 1369 4327 9133 7971 4907 5569 1389 4821 8293 1308 4747 1383 2443 3235 1964 8628 3455 1187 4501 3164 2317 5378 7241 7756 3705
35 2869 8675 4056 7140 8484 7891 9144 9252 8361 2611 3438 4925 9732 4650 4945 2416 1385 5820 9173 6887 4375 6770 2940 6212 3863 1958 3335 6433 3928 4160 3929 6342 8874 5606 6185
37 8962 6649 5402 3249 739 699 9691 1002 3722 6857 9321 8960 2129 6540 589 4464 9727 4619 8887 6572 813 7942 9903 3063 3268 7423 5202 2833 1148 9494 3559 566 8123 6113 8087 1705 1378
30 4637 5381 8189 726 2975 1010 4246 417 3398 7682 1256 4552 1309 9526 7339 280 8148 2622 5725 319 2607 7389 1656 4916 9994 5364 495 5763 1749 3560
20 4150 7799 7711 5358 1734 4194 2566 2216 4297 9457 5674 7216 106 9027 8631 7516 9882 1461 7178 8563
28 6115 1978 7064 1803 2184 716 1348 890 6683 3075 3597 8284 3832 3913 1444 6813 1486 195 3361 1704 1766 995 5138 6534 6569 4531 8674 398
29 3988 6160 9733 3409 1874 5250 5635 7659 3474 1772 8067 5484 7340 7106 9821 9233 5568 3412 9188 4827 3956 5574 4581 2705 4721 2529 4668 6087 2659
19 5885 8342 7810 7948 673 781 7981 4005 9887 6070 371 2321 5055 2821 2456 8327 5449 3110 9374
30 541 7640 2418 4505 2088 160 3823 2081 6351 2483 7979 8287 8537 3831 2001 3143 4010 4413 650 6702 4769 5209 8602 1585 431 5058 8137 6518 3887 2410
31 6228 1815 3697 3005 7230 3329 7779 9778 6165 9939 5565 8656 5350 7497 5448 344 8045 2466 647 3517 9982 3769 5989 5843 5013 5079 8706 3033 9257 9764 5280
25 1833 1563 4355 9812 8809 2972 1096 9554 7510 4632 1253 3178 2911 1423 4333 1919 1126 4934 9808 3950 1312 5458 840 1343 3032
28 29 610 2828 1384 6849 6851 7355 8616 6436 6459 1668 214 8931 5183 28 227 703 2336 7752 5863 5468 6370 5936 3998 8472 8235 2223 9910
43 55 583 7229 2589 6740 5425 5957 8093 3420 761 3636 4607 1436 5844 7907 5070 3163 3776 6617 9403 3389 3926 8286 591 4362 207 4923 4193 8451 8707 2877 3287 8482 4649 1576 2457 1865 1892 980 6257 1547 8527 4243
29 9523 3025 8564 8557 6658 1635 4935 6296 4867 8434 8146 6563 313 4555 9962 8984 8214 8444 1922 7023 2579 4972 6099 6489 9426 6477 6080 5682 4013
27 9216 2327 8630 3294 109 7471 8323 1030 9012 6125 1201 7492 3778 2360 6374 6746 3691 8312 3044 3811 3782 6447 2546 6897 663 5482 3709
30 9283 9121 2413 3630 8281 3587 7545 3563 2201 2069 6278 5965 8712 7523 8341 8893 9555 2474 3644 8696 6788 1234 13 108 3641 3042 6246 1602 8701 5376
21 4842 1993 8213 6502 7398 9128 166 2915 7372 975 5663 5054 2981 8244 8289 5532 1328 2501 90 5384 4420
14 1888 3239 7227 503 9802 4182 9398 5153 7526 9094 3934 1354 9689 8929
40 734 1879 3579 1013 5510 4635 9944 2605 3795 3114 9171 3802 7135 872 8805 6564 1432 7623 564 9352 1574 4169 9008 4860 4551 9013 911 111 3971 5198 763 7008 1497 4540 5239 6576 1327 4490 9700 939
49 3149 5902 7188 6404 2641 3196 5487 2511 3403 7236 5712 3615 3038 1324 8228 2362 1081 6882 5700 1176 4685 2151 7368 6116 4660 293 7782 3330 7619 7958 9053 3649 5873 5828 5081 8456 299 8790 1014 2103 1403 4785 8320 56 2610 9176 1887 2441 6613
29 7119 9166 3651 9544 6164 4815 9757 3319 6398 169 7364 1443 6476 2054 5219 1248 7383 1485 198 8886 2155 9344 3768 7367 4527 2647 3479 848 1998
30 4214 6656 190 5743 8629 6206 6473 5303 2999 2585 6407 1246 1265 7921 5483 5149 2232 4719 2120 7431 3020 9922 3727 3415 1641 3529 6151 9369 4522 3850
29 2986 4882 6044 1170 8158 8073 3833 4493 494 2979 659 3394 7078 777 8748 4906 7100 8593 4620 4000 8077 1839 9663 6557 2328 5765 2427 7514 2481
40 297 2429 7709 1113 2963 661 2455 47 5627 9949 2578 5170 1509 4491 2043 6562 3534 6728 7701 7990 5836 5580 8142 6209 7412 8861 3180 2211 1599 12 1052 2337 6514 2656 5874 5057 6917 5471 1304 8019
25 6724 6843 3276 7320 2106 2143 368 5284 5537 5600 2213 3016 7653 9933 803 7419 8162 9201 6568 7596 8405 706 6092 2369 5281
11 957 3008 8458 8715 7638 9927 3254 7739 1336 1728 2448
17 445 2507 1492 8739 4910 3188 5955 7787 8071 362 1478 9885 8423 6341 6440 6445 7202
40 3693 7028 9452 5466 481 3717 6903 8059 8504 46 2126 2702 1568 355 395 8027 2319 4625 7363 4915 6478 5186 9699 5496 1329 5330 8231 1765 4385 3900 9953 6501 2460 1149 6621 6482 7888 8411 7350 4305
48 2020 4788 3527 6110 9851 7927 3073 3585 483 1627 6480 5576 6081 711 9303 1709 405 2109 2854 1761 4890 8841 9435 8335 2354 1611 1477 2030 3834 750 1744 3695 2792 5634 1825 2734 9703 7938 6844 1683 5508 757 1653 9131 4145 8700 5501 9476
47 8406 219 3333 4781 2123 2711 6804 6450 4207 2235 152 9497 415 5824 1364 4594 7614 6898 4221 3757 2933 6581 4590 9955 1277 3551 5106 7504 9365 1099 7828 6040 5338 4928 1952 791 901 8260 6627 4157 6715 9196 1141 9850 8541 7112 1573
44 5598 6900 7186 9402 4648 6951 2783 4869 9681 8876 64 1862 4274 8220 9038 6211 4086 2882 4942 4430 9250 72 7331 1920 500 4831 9653 8771 1268 7244 7625 885 6028 9794 6616 9676 955 4242 5978 948 8070 3611 2983 6453
35 3030 2324 5808 4414 6924 3024 9282 8588 6474 3502 2732 3098 9062 2898 2206 2989 6238 3171 9695 9892 9253 3464 99 3683 2339 6598 9390 5269 8797 3422 2592 4286 18 7818 2032
39 3471 6767 477 9052 2784 513 2539 4088 2333 986 6896 8652 8851 8266 3157 5486 1424 3992 9919 8906 4144 2365 3598 3684 6555 5706 9050 954 2638 6472 2743 9777 427 7307 6991 301 790 7714 3408
15 8102 1407 8425 8459 7224 825 3554 849 8306 8389 5676 5960 4753 8210 7404
5 8840 1332 3540 9459 4325
40 5406 4098 6794 8055 8426 8902 951 6356 4139 7239 3905 7920 5133 9779 639 4235 7635 6854 7405 5877 7328 841 4234 2858 8592 8388 3118 765 8756 8499 4284 3056 6334 5311 5964 762 1586 8226 9753 4292
32 1528 6965 8290 2147 7226 3807 6814 5043 7745 8245 9784 5042 1702 3699 279 5689 6714 1932 2789 2712 2263 3704 3788 7945 4678 2428 337 9161 5206 9500 3800 5236
29 8204 8029 3138 457 2382 2060 3435 3759 1700 6367 2948 1785 574 4975 2101 2723 6084 3243 8818 5834 7437 2564 9936 828 3791 4 5876 3218 1439
24 5304 6633 1228 3208 4352 2110 8486 1458 847 6161 1393 8416 2808 399 2945 9351 9583 2148 7646 6600 7300 6731 3280 3868
11 6321 7735 7016 2197 4025 9489 932 7485 3162 4726 144
34 3743 6913 5572 8370 2904 4064 9769 1723 5539 5263 292 1553 876 4858 7903 698 9462 5016 3508 4369 9218 9597 8039 5336 9591 858 5414 8570 7261 9339 5869 7740 4161 5404
12 1269 2520 4164 9890 950 984 2482 7041 9394 5764 9031 6190
12 6039 2439 3753 7757 613 9366 8304 4032 2242 8778 1856 9723
44 3457 6418 5727 5491 8713 4233 3354 57 32 9610 8671 1239 4063 6331 2565 2397 808 9574 7148 4777 3999 5023 1395 1499 8986 7192 3072 1049 7128 6611 6524 2066 925 8011 6049 4774 3703 6986 9690 637 2609 2019 4277 8057
17 8728 3410 5227 3826 9974 2335 4421 3105 2573 5669 6958 2421 5388 8308 6 6650 4725
23 4687 696 5948 5990 3067 5006 248 2717 7924 7414 9934 1840 6821 4768 3282 6488 7132 1337 7507 6522 4322 7107 7015
18 3564 2176 5639 8676 3004 2584 4732 5257 5605 2469 3125 8466 2849 4707 7744 5953 1247 5859
40 580 1794 1637 4583 9920 7631 4826 8791 7686 8642 9364 1412 7197 7207 1417 7987 4628 2599 7125 5502 7195 9148 6734 9825 45 4030 1975 9932 5038 3803 8276 4476 3518 1951 8980 6931 6819 7131 5408 3643
40 6456 5027 6654 3575 9996 9666 4109 6202 5347 2787 6048 6618 2480 9440 9248 1790 8895 5481 7680 2284 4565 9318 9170 5850 4336 3943 336 5315 9415 2168 2188 7850 4444 2435 5845 131 2598 8391 3327 240
19 8179 9820 7325 63 8531 5759 6144 3019 8633 8206 3423 6183 5813 8251 2145 8319 8690 9796 1006
8 6952 9670 6745 4017 5553 8776 3523 4868
39 6424 8489 4693 7104 2523 3557 2663 8379 9948 7169 2525 4989 6156 1429 2048 9167 6793 3269 6953 3137 4368 2431 7402 450 4122 6230 4239 8744 7774 2692 7324 6933 3886 1636 1698 7577 3762 662 3288
34 5245 5393 1489 9267 7086 9680 1729 1835 871 23 7838 9522 2974 3223 7060 2124 7835 6725 1935 259 4968 5407 5003 3836 2623 7896 9317 8770 8517 1318 3724 7783 20 2509
14 7468 3582 3001 8734 9285 7144 36 1542 4760 1507 307 5251 9773 3638
41 1866 1194 8803 7193 529 7019 5457 6121 7604 6865 5610 7488 275 3556 490 4533 4106 7547 467 3101 4663 1782 963 2894 6154 6992 8012 7053 8124 9069 6335 9873 5972 8580 3838 9811 3093 9577 6507 295 3588
35 9901 3546 6150 2198 9575 4957 1884 3215 2386 1098 397 458 4834 8746 680 6184 5104 9716 8299 4454 3413 9548 8200 4603 7199 9332 2968 4545 4616 4780 2098 2697 6348 7991 5652
20 9411 2531 8149 9406 7553 1697 6409 4396 2140 8298 7933 3793 7613 6166 7518 1659 4577 1877 2379 1893
36 2278 2296 1438 7129 7451 4467 3292 7791 9879 2268 2595 238 3150 2340 2634 5575 6948 1502 1017 5633 1400 3472 351 788 5447 4283 1490 3942 4324 2193 3310 8879 8156 9831 7410 5334
11 9626 4877 6457 315 1363 7572 8637 8219 4137 5371 7362
11 9187 3147 3735 1433 3752 6443 9534 6042 1649 6105 1140
28 8509 5218 2536 6752 3334 8868 2250 1910 9202 5866 8190 2173 9539 2866 1971 9076 7027 3884 8558 9206 4763 2491 9340 4041 6323 6051 3390 9214
18 5222 1512 5744 4170 3989 4080 4666 6526 1352 3205 6243 1067 5924 51 882 971 5641 4604
23 8271 7687 6123 9985 8464 2651 6026 348 2797 8585 2760 9720 1748 4087 2042 776 6810 2341 8935 8822 3242 7273 7061
13 3647 1999 3088 644 8684 6368 3715 9169 6973 679 7899 3737 2658
24 7716 9665 6628 2708 7272 505 743 1131 6980 2484 7895 6972 4627 4229 9772 6468 555 6065 5653 1931 2322 170 247 5370
36 113 1414 4208 7357 5089 5554 326 35 7208 6809 6272 9101 7301 9496 5076 3859 8026 9192 4073 9378 7807 7626 6655 22 4919 8881 3018 1717 339 4448 3209 9310 8733 664 7348 1662
28 6607 1773 3104 8040 4703 98 9179 7732 1738 4045 821 5160 7794 8316 4104 8534 8553 68 9942 6074 6148 1095 3417 4606 994 8185 3589 5543
11 5343 3148 2838 3202 652 1028 14 6693 9486 1425 8433
20 7088 4546 4437 2422 8832 6836 439 8766 4411 7449 1321 3246 6949 988 6957 2824 8269 8942 4179 6435
40 8587 7114 627 1100 8328 2649 1 8529 7642 2394 4347 7316 8505 4236 30 2893 1235 3738 1351 2004 3960 420 6175 5255 9788 4849 4215 5745 4294 4563 2046 844 5894 5942 4731 6944 5973 4281 1020 3969
14 394 567 6329 1024 5369 1267 3191 7628 5584 921 2969 2395 7805 4796
8 6269 2424 3990 3849 5214 435 5779 4887
23 4475 2079 1973 8481 9800 5268 4043 8344 103 3374 6086 1451 7571 5427 8496 6315 3953 9399 9662 3177 4574 9051 6018
35 5971 5387 6493 4223 4084 2112 7692 1565 1725 3909 1891 93 5658 2504 9110 3377 6325 6429 7095 1836 220 1615 6010 620 5528 4178 6369 5015 2005 5283 5657 8919 7803 7885 3028
31 6662 4260 4537 9556 6255 3199 1634 7284 8992 7071 4936 3774 9531 3706 8600 7181 9580 9840 8095 3922 5051 4813 9484 7784 6521 1581 3853 3620 722 4799 6870
39 6529 3596 4959 3029 9255 3066 9512 2551 5622 553 578 8827 8108 3907 5958 9706 9816 5529 7024 7788 2144 2190 370 7974 6620 7661 9102 416 7218 7681 2353 8145 455 8278 2376 9545 3402 4319 4955
27 1883 7287 4428 8566 8462 5541 6058 2982 2660 8441 4994 8454 2114 4392 3106 4189 1731 1847 7751 5232 8622 9004 5455 4040 3012 343 7986
8 8227 8754 1648 838 8084 7607 1440 3324
40 3245 7329 7768 5120 7172 9002 8236 671 2217 6133 4913 8973 9972 2076 5835 6713 6888 9103 695 4543 9671 517 2834 8390 7741 1789 1379 6817 7310 7618 5011 9711 3111 1087 1204 1522 9938 3812 5629 7173
19 9046 5237 6304 4630 3200 4250 7685 9419 66 3513 5087 8500 9438 1197 4802 4675 5210 5794 6517
10 6189 9852 4455 6410 6475 895 1319 1671 8248 9515
21 2603 7993 2512 7804 6561 6372 5696 4765 2028 1616 7029 8658 4931 6193 1663 9775 9198 6782 2113 8404 8959
29 7864 9473 5818 5856 7406 128 7580 1500 9819 552 1181 9952 147 7048 1259 2412 9063 7126 1080 9599 2262 7539 7251 2643 4896 5242 7136 7814 729
31 8932 1630 6558 6377 7330 2522 8081 735 2542 5505 6878 3226 3716 1076 7478 8066 6954 4814 7469 2629 1128 8948 6322 898 2138 6533 6266 1210 2271 4662 8377
34 4984 4885 5746 3601 5636 718 640 9712 4990 7068 8051 2402 5317 3635 3902 1034 4881 4152 9616 8828 7738 9204 9093 2022 4253 8777 3864 9600 869 623 4901 7219 6546 1454
52 3236 8209 3384 2642 989 5477 7382 6652 9923 6213 4356 1160 649 9228 7490 8134 4550 5519 6235 6519 5473 4055 3714 4810 5157 7417 9629 4360 9386 8930 4526 6400 3927 9582 9535 2146 8678 5749 8648 6158 1983 3987 1191 7151 7985 2312 7001 4962 6853 6364 1306 8480
17 2233 3758 5954 4202 1684 6357 5344 4944 6426 5208 2909 8261 6920 7091 8516 9498 4471
14 9935 7116 2928 3129 7446 6340 8187 4027 7813 8397 2864 5020 3528 6479
41 2166 9087 965 9286 1503 9620 3879 3477 3117 4034 3974 833 7045 1584 2052 9333 3356 6816 2960 3266 4852 3613 4218 8565 9929 556 5261 1764 2306 1577 9417 236 5544 4363 8321 2703 1074 926 3185 7533 3289
32 7612 6884 6669 6220 3583 6182 617 4605 9357 7037 1179 5323 1166 9479 8431 1834 8750 3763 8359 9967 7137 7969 2582 6499 8825 4519 6317 4383 3787 8508 4432 5108
38 7108 4965 4714 9370 7221 163 8705 9205 6102 3973 7461 3010 1901 4345 2913 1618 9060 8498 7728 7238 9236 5643 2083 8180 5750 1739 3633 2806 3923 8385 5443 3965 4554 9818 8265 9241 1677 3825
10 2738 5875 5332 7630 683 8903 5032 4547 7046 2528
22 9649 2426 4661 1221 5212 3058 3220 1365 4256 1062 9346 4524 6661 1397 87 6354 7589 573 725 755 1367 9861
23 789 9011 2934 6575 9617 1453 74 2164 1193 9859 1541 285 3570 8291 5097 1622 2256 4681 9181 441 3360 7160 5985
15 1323 400 493 3921 8681 6034 9576 2355 7513 8864 408 7194 9299 6253 6591
31 3197 2748 2742 4154 3915 8155 1845 9570 9265 7445 7697 5064 4734 4539 501 1911 2309 8428 2526 740 5919 1811 1089 8322 5190 5438 9502 4422 9036 5773 8982
34 8024 9306 3368 601 8796 8955 6244 461 1620 7829 8533 9611 3851 2234 4564 3924 6622 5929 2861 260 3813 1769 7371 7486 851 8927 2038 548 5797 6889 8606 7772 5854 3380
32 3257 3976 9965 4299 210 2997 141 3760 466 1928 8880 7878 3964 5348 2196 251 8636 9552 9307 3677 6273 1195 7026 1570 4723 1972 2073 9940 3712 1909 6073 6405
23 8711 6910 4634 929 1199 5373 8741 8136 7842 1041 2478 1286 6314 94 2687 334 9009 7299 2295 2183 3506 878 7482
32 6135 7346 196 7525 9221 8334 3536 7529 9083 9780 539 8512 5498 1711 7139 3726 9728 4081 3034 5703 7634 5276 9984 2836 9371 9650 9396 9721 6795 9673 7252 3985
23 5991 4053 8050 9969 6091 1361 7887 4425 2750 5549 1878 5264 3744 9007 349 7831 9311 7766 1139 3204 142 9326 1134
24 8736 9137 5698 4794 9869 9251 9718 5552 8314 2995 9295 3920 2102 7378 9453 7050 1742 6408 9841 861 3037 2503 1144 9048
22 5213 5113 7082 1588 2690 1252 6119 4450 1325 2290 9073 7122 3131 6732 6760 324 9391 49 966 4083 3460 218
21 7020 6786 206 482 9549 7698 3051 8353 2640 3261 2095 6344 2315 1844 3322 6195 8923 3749 1003 7111 8740
13 3311 499 6452 6730 1741 8031 2947 3962 5512 7520 4715 9755 8402
32 5858 6239 9487 782 2731 376 475 6089 2407 7764 7830 8237 7286 2532 733 9739 2016 305 6510 9807 8318 2489 4708 7670 9413 4142 1708 3040 3814 1219 2067 9359
17 1860 6155 8784 5626 6446 3663 1676 2374 6987 8904 816 9734 9358 9542 8415 183 2430
10 9463 5480 4917 520 5346 1107 3206 4751 1801 1427
38 2538 7677 3947 1260 9042 7785 6247 3685 4879 934 7984 1391 9911 1330 865 8017 4893 4562 7750 4033 4290 2244 6858 2017 5520 6387 4423 1740 7098 4036 1965 5524 4389 8469 5947 5488 62 7621
31 2357 271 1121 4717 3222 5704 6833 8833 6940 3968 1058 1566 9162 4100 960 1172 6236 4431 7204 8139 1594 5667 2843 2492 5661 749 5758 8374 1614 7123 437
11 1651 1421 8088 323 229 2302 587 4446 758 3857 2770
52 1593 9595 5996 5748 6922 4141 4245 4749 6639 4888 8164 7515 5933 5211 3772 3948 4473 6146 3877 8576 2684 8143 2682 2739 5530 5832 4254 8443 6632 1732 4640 7067 1556 8418 8619 3071 2133 7863 8216 5737 9 8538 2502 3652 8078 7311 4897 759 5944 9172 9517 5586
6 1984 9768 6741 4848 3739 2591
32 902 7546 1994 6567 9751 5241 8324 8506 8023 897 7120 2601 3436 3967 7587 4219 1988 9709 1387 8958 619 359 2334 7652 9108 5022 7775 446 8723 1242 6535 1722
19 2788 874 1276 6430 2207 2404 7456 5603 523 1589 2393 3710 3450 6806 7689 3077 8383 5171 8824
20 8586 8274 7574 3375 2442 6638 7912 4503 9232 2652 3930 1198 1264 7866 5527 2037 6201 2956 2299 2486
38 8848 7792 7379 5426 1211 9641 883 5062 434 4770 9630 4730 1885 7797 2093 9866 6588 8720 6169 3639 4816 6254 4108 1506 4864 3882 9373 2391 2301 8386 5435 5551 5342 770 1341 2608 8519 7700
32 3951 3891 8573 4048 4128 3154 4843 592 1534 728 1682 7291 9853 8896 3526 8065 192 4671 7519 8005 8794 6640 8479 2726 4061 5895 6019 5753 9387 8154 8131 7441
29 4511 4255 7737 8772 6538 2776 1537 6098 9822 9896 7770 3754 7573 3765 6223 7149 515 6397 6612 5849 2719 2282 7168 8196 3320 5898 6687 2932 7470
31 2006 3865 1054 5732 2600 1046 8595 8542 8687 9694 9298 7266 4060 5391 9460 3808 5986 3521 5271 5175 9899 6054 7400 2553 5430 2475 4999 6766 6109 8983 1018
23 6747 1674 9627 4980 6550 8795 8367 4713 178 5792 7498 7793 387 8928 4453 7972 6300 6015 1350 1278 4267 443 1015
26 2026 1524 3605 9524 8110 6280 6956 2753 175 1016 6462 689 4264 3470 8470 433 9185 2325 1551 6823 5943 2405 7725 5035 8241 8632
21 8021 7347 527 9292 6970 9113 8437 4382 149 1116 2414 8513 9651 7960 968 2367 8914 340 7304 6964 4321
40 2436 2957 3603 7690 378 2919 6597 6066 81 5914 3873 3912 9870 2560 8812 7852 8117 6651 5677 2510 3733 6487 6508 5927 7694 7983 8183 4077 7951 3522 1456 7789 998 5273 9915 9906 2544 3097 2273 2163
32 2899 892 245 7248 7085 3036 2059 3784 9731 3981 4163 8644 6218 2444 9508 1317 3959 4964 3392 322 547 1926 9239 5195 5789 1298 2701 358 9791 5509 3745 5578
17 864 6208 4029 2105 7010 2275 715 1944 6120 6696 1814 9355 6583 1788 4908 2628 3298
15 5359 9813 8309 9349 4947 3473 6552 2398 801 4804 8763 2351 9448 4175 923
35 6877 4833 1995 3544 4115 3370 102 5724 4477 6460 9729 3731 3507 5864 4096 1420 2631 4136 6187 9331 9959 9437 9342 5114 3318 4933 6233 8977 1091 5740 891 2830 2993 7611 5296
40 8699 5890 5025 9382 8653 9527 1349 9177 8617 4105 6041 5306 3174 4204 2137 924 7021 7288 3011 996 7820 2254 9510 7388 4674 2222 6303 5084 8056 9719 2798 314 9782 9860 8947 7937 1948 3346 6111 8789
41 5034 2681 9385 8079 6601 7548 7278 1968 8667 5567 8159 9810 2959 6513 2762 7351 9943 4265 5675 5419 3481 6791 4513 3109 3301 2929 407 3189 1437 3175 1954 9521 1086 8834 4510 2013 5345 5224 579 5857 737
27 2791 200 5535 1200 4404 2041 5656 1079 9242 1494 9505 5298 1799 4125 724 7077 2345 1236 453 9080 8863 3567 6754 7063 8583 3917 6960
21 7575 9828 7292 985 6055 2012 6299 5840 5997 1085 8467 8267 1481 5644 4458 5048 2689 6595 7393 5318 4177
9 8104 209 1399 4548 1274 9615 7688 9532 2530
14 9685 6455 5205 6711 5182 7884 161 4958 674 8058 4871 5356 1752 9287
38 5654 6307 3991 3602 2992 1797 908 8160 8193 7392 1368 9368 235 7865 5233 2084 3237 9079 3352 3195 5882 8427 1828 6001 7360 5215 4118 4492 3515 5141 783 9296 3718 7834 1226 3664 8710 976
23 3170 6053 7876 6856 6523 4485 7043 4006 6511 1706 3431 3132 4023 5531 834 8515 4633 7617 8910 4735 7165 3113 1699
25 328 608 3381 6414 859 8855 9748 2876 5747 9039 798 7910 2255 784 5231 373 9149 6383 5028 3720 1899 9986 7268 3002 1813
28 1689 697 9030 977 6886 6871 6893 8101 6832 9408 6094 6904 5041 1592 3221 9247 1870 1357 3756 9862 5000 8946 3312 3911 2392 9145 86 6465
14 1852 2626 5771 2056 9464 1587 8804 8303 269 8964 8702 6828 6492 7115
31 9191 3317 839 4020 7034 4854 6971 6188 7915 7493 6389 7065 8745 1471 6262 17 4978 473 4535 7313 5805 2587 7345 5128 604 570 7511 2533 7089 5178 6834
19 8792 2881 9511 9116 6705 9710 300 5695 3451 4497 8075 3225 8172 7517 2872 558 7306 9356 4818
45 7319 6003 9804 7253 660 7479 5279 9478 5040 1464 6203 5692 2154 2923 7352 4626 9930 5360 8829 6324 8305 2778 1249 9551 504 6330 7317 6136 7369 8398 3274 5846 7184 9656 2554 3080 2679 9990 8941 2845 5174 5415 2848 1646 5571
10 5500 4836 2984 8968 158 2387 4342 5403 651 9519
27 8277 7648 1830 9654 5783 7209 7276 120 7558 115 1521 2388 5021 7872 6880 9867 9978 4419 4612 1916 9115 2002 7426 3653 8765 7660 8994
34 8979 9320 3068 3411 4558 1601 8831 7759 7411 643 6593 8780 5967 1338 7474 7542 1756 7879 7790 3487 3686 3359 1604 2721 2447 471 6382 1775 827 4271 6781 5752 6046 4303
14 4200 5983 6720 5286 7767 2096 9660 9189 401 3224 5294 2200 7881 2134
52 7428 4196 565 3966 8034 992 9276 6805 7812 352 6566 1875 1466 857 5801 3428 8400 4809 8169 8669 3660 7099 2552 7598 8013 3342 7622 9598 5680 1162 7 9126 9443 9590 4313 5673 1231 5617 4226 2521 602 927 4364 3043 5063 7460 4750 2840 224 5723 1150 1212
35 7585 3426 5888 6293 39 1942 6579 1532 7508 3584 1791 8212 6982 614 5640 3251 6129 2199 3355 2331 1936 1540 5884 8408 9271 6943 6365 1642 2289 5923 3107 2463 6170 231 6260
31 5710 2118 7102 4658 6024 1169 7941 252 2568 15 9968 3341 7283 1868 9540 9266 3872 5399 4861 8384 8232 1084 6981 3172 2794 4451 7356 4156 4803 9766 8350
18 8967 5594 9672 1157 2182 1404 8639 3899 5867 221 197 5811 8452 5434 7017 4844 3259 5672
43 8447 8254 3840 611 4007 8951 156 5008 1947 2023 5329 8186 6036 8807 5039 2694 7130 4316 7454 8732 7280 6464 5363 5618 2650 9529 3678 8677 4534 9931 5928 7214 8080 6911 447 7537 3255 8424 2964 3619 2664 2225 4103
34 1530 6200 9735 4403 3124 2706 5405 8953 2906 1820 4282 3316 6772 1720 1075 909 6862 3796 6763 7047 1750 3296 4952 1927 1225 1549 148 4811 469 1809 4611 8152 360 3755
12 1778 4365 5780 246 73 438 1064 6959 4479 4311 8654 5819
23 7117 1869 9105 4520 6442 7260 6264 2186 1463 9086 3577 8347 4102 2590 8215 7443 5795 5918 165 7495 7827 6449 8205
6 3176 4507 9954 5772 5826 4949
47 9495 6245 3453 1215 9466 1523 1257 5564 6056 7931 3862 3498 2874 7222 3135 412 6866 3115 8246 1567 80 7322 5980 3452 2953 5774 8625 7159 3302 123 4596 7859 6631 6496 9427 5065 9061 2423 9014 2880 4332 811 3690 6016 3286 2055 7161
13 9401 2401 1518 9657 1667 5135 8523 5193 1779 3798 1861 2710 1000
21 6168 3821 6338 3614 1266 2461 4173 4468 6509 5950 3060 3081 5223 3937 5229 4466 5024 6096 7087 5494 5179
32 5517 212 1491 5107 3993 1613 3623 3829 3429 8686 1872 6297 2875 8638 2065 8688 8649 256 3009 1078 6543 9431 6079 1957 4427 7084 7980 3941 4037 2014 1295 1562
20 6159 1142 615 8614 9341 8615 4344 4756 4819 2977 538 9917 1217 4190 77 9363 6286 6906 8003 5059
27 2230 41 3632 2577 92 8176 5701 9272 9424 6962 7727 3432 9474 8598 8460 2935 3201 1850 8689 9049 5272 7676 5536 690 7702 3284 5476
22 9503 9926 7554 665 1460 6825 3729 5007 8280 3000 9258 5103 3658 8255 4462 1070 33 1445 2194 7158 8223 3883
9 8892 5699 6749 3026 1106 7684 154 1167 6090
3 873 5417 4646
16 8548 6765 1628 2754 5952 1745 9858 7103 1924 5380 6181 3748 5243 1065 4429 7025
15 8978 5757 8521 6634 3539 1366 1848 4129 705 2827 4791 5735 8858 8044 3064
8 6875 3017 7444 8252 253 4438 205 7632
25 4112 4502 935 9180 1250 1583 3531 949 6907 7647 7645 4440 3573 1783 278 3351 537 8325 600 3503 4870 1243 3889 9125 9999
35 8203 8440 2167 2464 7636 8378 4724 9288 3466 6319 8993 7743 7588 7798 3130 53 1889 9350 7706 4026 4847 2832 687 7487 5354 5871 5683 2349 6153 8726 5798 3400 9770 3120 3386
25 3773 4863 1102 7535 2453 3465 2366 5247 561 134 4979 1342 7914 9348 1382 1035 2433 7800 5367 2150 3401 4822 7970 7450 4390
21 4575 8198 6718 2036 7710 3194 3181 3258 1930 6684 6839 1688 8105 6292 67 543 9139 3449 1853 905 8047
17 3291 688 6363 8177 2139 4407 8166 8141 1125 6945 528 9572 2549 2668 6894 7919 3272
35 3910 1640 290 6739 2409 6580 4880 1644 8869 5033 7843 5302 9644 4698 3027 26 243 8599 1380 526 9058 7821 7427 8724 702 9747 1488 3665 4506 9614 424 1001 1207 3994 6494
5 7314 2856 2570 7211 7110
10 9602 720 7867 6392 7994 8151 9833 6630 5394 1159
16 4624 1233 9951 1685 7092 2696 9684 9195 9019 309 1373 2047 2672 6626 3023 9693
16 3779 7870 8747 9538 645 6589 7746 105 4089 254 575 9722 2844 678 5122 6527
32 3362 618 4279 9136 2116 6171 3406 7708 5558 8360 4694 2485 3525 7995 6827 8181 7408 6520 4922 7257 5037 2925 1279 1482 258 1645 2985 1669 8589 4741 3741 8552
15 3092 7602 6186 1430 1817 2450 8849 4399 7374 5204 6717 5731 4729 7281 805
20 8786 8536 2916 7246 5853 6422 5803 691 9655 382 7926 8491 384 2462 8971 4176 2283 1092 7908 9530
14 5295 5917 8112 4862 1152 6587 5014 2115 5009 2040 4470 576 4985 5478
24 6192 7465 3108 6742 8989 4481 1886 9381 5382 9950 7167 4062 6848 2722 1394 8692 4845 9988 361 184 4461 748 8922 6753
34 9806 419 9947 9634 3537 2852 3952 6672 4617 7145 1774 2498 1695 2678 2257 2514 7868 9315 3996 5144 1608 9016 1881 479 4676 4132 7484 3492 5252 1077 6152 8862 4374 4622
23 8224 4050 5240 8128 8173 2368 930 4130 4398 3896 5632 7564 4832 3173 586 4012 670 4692 812 6855 9886 7032 3827
31 9845 511 1913 7847 1281 6062 993 4696 2924 3228 8662 5134 2468 3139 7718 6733 7177 1743 2996 6332 8495 6758 4817 2381 2149 9261 4991 3407 4275 7127 8114
16 3510 5621 3701 9375 7595 3165 6237 6677 9006 3672 2729 6830 9894 2749 914 2445
22 2074 2212 6282 7500 4579 5905 1155 6145 6328 1347 8913 7213 228 2490 1938 6955 4203 7289 2773 8808 2227 6350
32 5540 5602 2352 9118 8037 2320 379 1004 9433 8550 9330 2863 6678 1322 6977 1026 8526 4395 2676 7695 9081 9107 4600 3100 1044 2080 5131 5077 4841 9446 6461 7166
9 1208 6873 5444 3837 9243 4509 410 3631 1300
41 1177 6425 7668 7438 9604 2527 4792 3648 7724 2921 4046 1045 5092 9880 1435 5102 2344 4459 1340 4276 2785 2451 487 139 9961 4655 904 7157 1795 4808 9184 4162 5436 1472 906 9918 8453 325 263 3279 8582
5 2495 6352 7883 1529 9868
36 1970 4291 4544 7245 5238 9652 8645 1117 7080 9270 732 1050 8817 5309 6556 4578 5093 104 9725 9730 4740 4514 628 7480 6937 7254 6050 9745 4131 5493 8663 1495 3388 8891 9467 1751
20 7975 5090 7323 9871 4409 8188 127 9458 3609 8510 6864 2383 5305 7384 6799 4443 4825 800 9658 7206
22 730 95 4410 5351 8368 3818 9159 3373 5899 967 5094 4515 6406 2740 1029 9941 2850 4993 7853 5729 4289 7760
25 1955 7243 6000 2000 8273 9035 4384 7555 9992 21 8326 4549 7101 5420 5810 3159 5577 9335 6923 5687 4560 3387 3590 9621 3491
13 2782 8856 8575 4652 85 177 9900 4838 5590 2733 4946 347 978
17 150 5686 8682 922 4643 1441 1182 4588 6267 5416 7932 3198 5319 6295 7845 6976 8000
13 9543 5777 7683 9190 5091 9294 302 9507 2786 3378 8897 6258 707
18 9636 9314 233 510 8969 201 875 6675 331 6860 5585 621 9034 3670 6759 8202 6427 7641
40 9078 4807 6498 8530 6648 8116 826 7679 1431 9160 7998 3 4457 7570 2437 239 8049 7018 5728 8381 6755 8680 7536 7973 5945 5194 6624 4672 3309 804 879 685 9560 5931 321 5900 7758 795 7133 1009
10 3541 4153 4629 1721 969 6925 5301 7305 2479 2758
10 2718 287 7336 6553 9308 5842 9203 746 5162 6311
22 409 7312 8940 9134 2434 4300 244 5861 544 6905 6515 9760 1216 6872 2094 8313 8888 5563 3134 6458 3618 1929
18 364 3553 9506 9683 5681 2274 9518 8354 2617 5111 1829 8604 1333 7765 6936 4146 3728 1849
37 332 1175 241 896 5838 1422 5910 1643 7361 1203 6104 7898 7949 8627 1781 7521 8873 534 7179 9395 525 4334 5010 9893 4465 4691 5922 7748 3238 6968 8043 3688 4778 8396 4909 327 6271
27 5887 5756 7663 9100 2240 8830 4358 2636 754 8974 2859 5292 5166 1229 8197 6859 5705 1161 522 4983 7359 4967 2815 8572 756 7950 89
9 6879 2062 943 6448 8096 8468 9834 1019 2755
13 2780 4705 2077 5267 6313 7425 9481 6930 7609 9436 9902 1450 5969
24 4665 9628 1843 2639 4065 9624 4114 8620 4981 3592 9998 1624 8010 1933 5136 3538 6704 9211 7997 71 2111 9856 2071 2709
22 9805 4686 5234 8546 2082 7823 194 8492 889 3689 2646 7121 1851 632 5277 132 5916 9174 1205 4436 4298 2136
23 8346 1655 3885 4656 2781 9678 6346 3622 8956 509 4784 6800 6140 5670 582 5340 4138 1452 6147 9025 8211 7375 8556
29 5282 2261 4806 5601 9068 4798 7066 9075 1912 8339 8111 7675 335 1996 2988 1821 5410 5787 944 899 1133 2458 7880 4220 635 3860 8098 8337 391
44 8382 7557 381 2952 2900 4123 3315 1660 6757 8798 7296 3977 2205 3893 5313 5308 8549 2204 8048 7839 2389 6229 8839 5412 1582 1112 9260 9432 8507 9280 6250 1837 2583 4752 2326 6685 4126 8371 5591 9749 7042 9635 3975 2130
8 7249 8554 506 2178 9846 403 444 6544
29 4761 4613 7494 4986 772 2187 4623 6106 9667 1598 5188 2125 1416 6629 1345 3052 2777 9708 9425 8697 5203 2419 2303 8966 7247 9096 903 2801 2265
26 1804 3445 8035 2304 1459 5550 3621 4767 1897 1396 5556 714 5389 8811 9697 6604 4982 8165 4876 9958 9327 43 3337 7212 6497 766
11 9874 2497 8085 2937 4099 2802 2377 8028 6999 3278 9824
37 8351 3816 5668 4587 3082 4366 3482 9912 4584 5941 7749 3372 1715 1810 8225 4701 153 6578 4898 2793 723 8623 2471 9991 3306 8356 7671 5246 5096 6291 3003 9956 4172 9569 962 1962 5547
13 8157 4107 6173 7263 6359 1297 8820 3211 9240 3574 9884 2580 4941
32 8835 6012 5662 4764 3364 1985 886 6727 6393 7370 1008 3874 4787 9881 4690 3182 1822 9029 2768 6176 7265 6539 4258 824 1990 760 2971 1151 2699 2803 1484 1344
19 6536 9557 9477 1733 2930 7777 4326 5045 4068 4301 9750 1442 1129 4315 3035 3014 8647 2698 9765
12 9744 4940 1355 4021 2613 3434 5100 4677 7267 7560 6692 2887
40 3866 1986 7442 753 5375 7162 767 6868 1914 7237 1275 386 8025 9533 5733 6149 5525 4572 5930 1578 1950 4737 44 4480 6929 5800 8364 3995 7869 16 5806 4354 4308 8838 638 8414 9117 3313 3458 8022
32 7373 3270 3433 5437 516 215 202 2228 8551 4121 6378 2218 2633 6682 9798 6928 3844 4529 8954 8844 6124 1033 4051 7747 588 3248 5935 2764 7905 6177 3591 4241
19 5017 6503 8937 8167 3290 294 5452 5001 1896 9701 1069 2248 310 2131 7826 8949 9451 6644 5714
24 9631 6645 6009 9392 4213 76 6386 8871 8450 133 3494 3416 5117 4442 9877 4712 7250 9957 5738 6227 8912 143 1362 3861
35 7430 3022 2245 8609 1189 3122 7176 1831 7857 6699 1907 8307 9085 6240 4351 1094 5739 470 8439 6320 2662 8016 6276 9066 8769 4447 7719 9876 4904 9993 2618 8120 7472 2597 2117
16 5285 956 8419 3936 162 6787 6691 1434 5327 9367 3552 312 2707 2574 8240 4181
41 3830 9353 3047 8194 775 2260 4278 4653 2907 5105 4499 3070 2713 6974 7285 1770 2279 2294 7832 3805 1119 1623 3383 5119 4576 7038 9414 1039 9343 3486 317 8581 7436 1230 1137 778 3069 5631 9227 8054 8217
23 1527 9640 596 8995 907 9964 230 9054 5770 9074 6114 1188 8749 3299 5357 3982 223 1262 2214 3158 9895 5546 4557
30 4349 2967 1222 3732 6336 3970 7274 3901 8407 2156 2241 1980 518 7394 8545 4217 6396 6137 9863 6995 3061 5754 5325 6419 6017 9905 3698 4610 9067 1114
15 6265 3938 476 4670 7544 8762 2908 4918 8 8735 7649 7424 1841 7459 4320
11 3263 5711 1902 7730 9156 2270 7014 350 2141 612 7909
28 428 6842 9164 3789 6222 2958 1392 8125 6641 9987 6059 1747 338 1590 3212 8532 4745 7854 7844 1713 562 7057 5896 535 7138 2221 4158 8331
28 1313 267 9037 5082 3770 4441 3305 4211 8901 9838 3561 9001 3079 1946 5005 8755 2506 5072 8009 5274 3599 7175 7590 7893 5118 9455 1032 6143
26 5562 1123 9376 946 126 1519 3979 4323 4614 3700 7584 1696 1650 7591 7333 8972 8900 9924 5612 5185 8608 4743 6701 1812 2361 937
27 4673 3783 4914 595 9070 5847 2901 6451 6064 9785 5026 5880 9490 6234 5587 7326 7819 6778 356 7582 1493 6697 8810 9839 9756 4361 9803
12 3462 802 846 9130 4930 7643 6902 342 2835 8793 6975 5071
20 1223 9625 2323 1762 6484 8493 9132 514 6885 6103 6301 4266 779 5143 7090 8432 4621 3682 9293 7433
31 8410 7934 572 7477 8243 4699 2558 979 2557 5664 3340 2715 3145 5475 9212 8729 5349 3961 5522 185 3336 868 4341 2070 4484 8836 2604 8195 2064 2252 2669
29 3512 7174 2180 6570 5994 3843 8373 1539 9328 2670 4992 9237 9470 6798 5956 1719 6560 727 1780 1687 1691 8455 8568 5624 1473 4424 8138 4127 9736
11 8448 266 7922 8259 2119 3675 396 9028 7562 4206 1855
6 3490 7567 3565 3414 751 5982
24 5516 7662 7387 1455 4969 5684 3469 9268 1531 4343 4357 8571 9898 7481 182 3275 5429 6035 7391 2814 3848 4683 2926 7011
20 7666 1508 9872 9761 9737 4249 7075 2569 5946 7780 5461 2488 1390 4700 8130 5616 9977 9827 9430 7049
19 7255 6818 4953 9842 1631 2406 2810 388 8038 9741 9687 819 793 744 7538 4237 456 2358 4736
23 8338 9705 3616 9738 7901 2817 4636 8072 3271 5464 6047 112 2153 1307 1154 8242 9835 3511 1974 5655 6490 1409 7678
19 2973 9254 6771 982 422 8806 3099 4828 9077 8691 8446 484 7763 3767 676 7418 6174 9688 2177
21 6420 5158 2653 7988 4924 5289 8502 8097 9213 8917 2142 1690 6204 974 973 1672 5132 9471 8561 532 389
34 9045 4733 6076 6491 459 5031 7407 6157 216 5976 6366 232 863 8264 4232 4912 4970 7583 5589 9501 3363 2058 6797 1244 140 2310 7079 9668 5446 4641 2516 818 4790 2586
13 168 1550 3116 4070 9762 9605 9786 4573 1007 7667 7030 4783 1284
42 4875 8348 7916 9263 3532 4270 6178 1271 1692 1292 3606 692 9114 6625 9843 6423 37 1402 1832 809 7505 6565 3955 1214 7003 5177 3094 3456 6792 1185 429 4434 8092 5515 1617 792 2550 3343 8487 3792 9608 329
15 5829 5719 5678 5228 9564 4744 2291 560 7894 2179 1470 6437 9322 8721 492
21 533 2635 9492 4318 2771 709 1110 4775 550 5804 6138 9418 9921 1334 9223 4052 6845 4759 4273 3903 8870
21 4720 8192 4571 6219 4210 4191 6072 1405 1730 2487 8394 931 3852 167 9040 1940 9567 3957 1060 5368 6665
37 9633 4657 4024 952 4664 3946 138 1787 5386 4921 9229 3828 8270 9193 940 1270 7892 4304 6586 2891 1675 4183 3348 7776 8635 9568 341 1180 3520 3871 9120 1088 8718 8113 6439 8957 4538
22 9815 7434 3057 2473 9044 7240 6256 5648 5418 8409 5142 8611 3350 4859 5822 3945 2152 6664 4695 4296 1261 7795
17 6360 3594 6101 5287 9158 4031 9623 6915 4111 4840 9302 9023 1283 1073 1130 7615 1956
42 6547 146 6989 6716 9612 3146 8401 6909 7334 272 1679 8511 7006 2438 1736 1411 1468 1025 7616 3908 3881 6938 6869 3006 9989 9047 9648 2307 2219 5431 3576 3734 1898 6840 9717 1290 7002 6585 4018 59 4042 8147
25 2399 6413 9345 4645 5913 2556 6163 6932 5451 7592 2 8064 8127 4521 6483 7549 7917 1606 6528 9235 2267 3485 1917 8474 5886
17 6942 3666 1465 3493 7811 4776 7081 485 4800 463 5201 7341 4329 4151 6194 1808 3207
27 284 4101 6647 4247 4638 9849 4074 9592 7627 1320 9783 5548 6996 771 3142 6014 7385 5870 3628 7302 3897 3801 3187 2987 7963 3219 5897
35 655 7277 2927 6537 8737 1859 2107 7234 121 7415 2191 4135 7860 3078 6679 4188 6803 6504 7012 2085 2895 9883 717 3504 3548 6100 7308 8577 6107 1356 8683 9669 4779 4846 5665
11 199 1873 3112 4372 3169 8485 1376 4580 5812 4231 5949
5 9586 9182 3054 3102 1880
4 498 5593 2343 5903
39 1240 4028 7232 9209 2857 9222 8610 508 8413 2885 9106 5630 1591 2632 6608 2068 2903 2892 8076 5326 6131 5741 8668 8944 2496 5152 3427 3192 3819 491 2606 9646 5312 3679 8001 5029 9334 557 1038
29 3083 3680 4205 1245 3345 1846 4331 6279 1561 4317 6592 5974 7390 7290 2888 2879 8867 3898 7509 2905 4697 667 1288 9123 5361 9776 2508 8850 9472
25 1206 8815 4824 6345 4566 255 5052 3747 3395 1535 7720 8317 983 3888 5397 9445 6867 7473 1694 5467 5450 4589 265 1718 1805
21 318 5352 942 5366 7466 1101 2477 8239 6983 4591 916 4092 3053 8129 3331 4739 855 1806 8936 451 8727
36 135 6710 2181 3721 1346 8300 7715 8229 5907 1800 8624 4523 1989 4262 6030 3353 1124 6126 4835 5993 2572 5 6646 2761 1754 9715 1280 9057 669 1961 1966 1115 8106 796 6241 8119
38 9297 9795 5650 7386 4709 4773 7381 6921 2417 5163 1448 4263 4647 116 6947 850 6215 2371 521 3662 5823 917 2029 6918 404 4488 8483 6688 5056 5691 8894 2807 3252 9997 1479 5581 9383 845
40 7000 7190 8854 2033 6132 3524 7762 7822 9823 7726 4711 936 3328 4669 4651 4038 5999 918 7651 2024 9643 7999 745 3332 5893 5518 7295 1712 5638 5755 8393 1571 2747 6287 4508 3681 9277 3586 4091 616
18 4920 6021 4704 2745 4966 8560 5702 6268 6333 8767 774 5314 2452 6926 357 6167 6281 4469
26 69 1792 2799 2751 1629 3233 3495 8250 9194 3379 250 4082 9509 3516 6259 5762 1241 6428 2779 1915 7052 3797 5044 5148 2157 8463
19 3875 656 4659 3958 8597 5579 1595 9264 2467 4937 928 7506 4504 7054 5555 8279 7601 2818 9677
40 3050 4602 607 3940 2665 3133 8296 5123 9789 4224 4561 9421 8140 9183 8997 1918 1670 8842 1388 8297 1237 6532 3820 5802 179 3183 5066 4380 4702 7083 648 8275 7297 4257 7996 8372 1758 5046 9354 1569
37 4830 2741 5050 2160 2602 5514 4147 365 320 5155 5140 2837 6444 2994 6891 2231 4067 7978 2936 3545 3217 3153 6835 1063 2249 5432 1173 3533 296 5362 7563 383 1633 1093 2540 4951 6721
22 4011 4004 5966 1183 5288 2226 2860 8634 8497 3297 5321 9814 1158 1600 390 810 60 3140 9454 8375 9304 4929
34 4482 6927 3775 5400 4195 9980 3505 6751 8843 1960 5582 4486 7935 5715 6609 6339 7734 9400 5921 7124 9945 8907 2655 6988 605 3382 7200 1737 2716 4230 1043 7183 1544 432
23 4285 5892 6966 5036 8909 867 5221 6769 2769 6963 5411 6779 1037 2195 6214 7242 9713 3265 3046 5647 3543 590 1923
28 6029 4973 5628 8970 843 8801 2612 1104 1639 9420 9362 3645 5353 6312 3277 4168 9428 999 2237 5463 1505 3806 3810 4306 237 8781 6899 9520
26 9485 1272 6985 9033 5766 3326 9249 6225 5827 668 2420 8233 888 9855 5078 1575 2624 1184 6217 2823 8082 8332 2922 9097 406 5398
31 1326 1647 5433 1294 3062 2675 5809 9015 3443 5278 6605 9407 1767 4682 8475 8343 1982 6226 3262 1572 8522 5807 4148 7421 2744 345 597 3015 5489 5825 2691
31 2518 6454 6402 9165 159 374 462 4866 3997 3673 8760 947 5176 9908 693 288 7605 9674 8336 7753 4439 7771 6668 5469 7540 9200 5439 8090 9793 2100 6470
29 8816 6141 6078 5169 2192 5608 8659 402 4472 2841 7566 3661 11 261 2099 3626 1408 4149 2287 5760 7496 3264 6242 2449 2090 4350 5939 8163 8535
34 7196 2128 1220 987 9000 8988 10 9361 2051 7672 634 262 3916 6990 1621 6666 2454 9032 1520 4926 6071 9528 4337 4795 7163 2998 7476 4927 4393 8939 4185 2286 5592 7467
32 4228 6729 646 3530 6610 9122 8002 5736 5609 8714 6723 5784 747 2266 145 4261 7343 4134 107 9797 8168 8091 7906 9461 3781 3500 8847 9638 4268 3021 6467 1558
28 1997 5012 6261 1474 3418 7633 6248 2246 1071 7440 151 7220 6415 3123 8544 8961 9480 3152 8442 815 3214 2873 5906 4684 4187 2239 2459 7655
21 2440 1755 3190 7856 9186 4960 3519 1610 4240 8053 9875 2746 5095 3441 4418 9596 9971 58 5839 7413 8722
17 3475 9064 7203 4400 9151 2292 9566 4293 4642 9141 8788 4837 6549 8859 1526 3357 3367
39 9109 6969 7191 8412 9742 2910 8963 2375 8646 6820 8933 5734 1905 6083 1296 4567 731 1291 3234 9269 3919 1469 8365 4116 2562 2472 8295 9692 7696 8501 7416 6032 3742 7742 3858 9589 910 9937 2724
6 8285 5620 7464 7153 9416 180
26 448 4938 3232 5116 2809 7532 9844 7900 1771 282 5385 6908 1027 4542 7055 9309 8222 1202 6941 3983 9290 5937 6093 4295 6294 9829
16 6128 9135 9889 9561 6659 9817 7691 2359 9682 6776 9175 155 786 1136 4165 9740
41 780 354 8938 4415 6596 65 4654 3127 2034 9826 2931 3963 866 5139 8621 1796 6130 8247 8471 2918 7185 393 7658 5365 2372 5337 4391 6343 3488 7530 4995 5685 9336 3676 4197 4049 4568 2238 4911 3514 5646
27 2425 4016 6703 6023 6251 4872 4117 8033 1504 3476 3547 8126 83 2765 2756 9704 7072 4974 4754 3376 1375 7656 3659 496 2347 1108 1546
38 854 5069 4639 4541 4227 2966 425 5099 5709 6838 2737 4608 8976 4851 2644 8061 1786 4850 8738 4517 3642 6095 9491 8837 4766 8355 2962 7074 8100 9781 2253 4883 6994 9970 5720 6221 181 9916
22 8823 507 6399 629 7576 4528 7258 6841 1196 6577 2050 5127 9005 7664 8430 2839 5265 1559 1418 4987 6997 5504
36 1186 4035 1487 3393 8694 2505 6737 4971 5526 8952 8883 7164 3463 5154 7262 6726 5002 9091 6811 3074 1707 6362 8052 6395 5707 2822 5207 1398 7349 3637 1120 6998 5855 2172 7182 7036
36 6069 9450 1693 6643 6784 5310 5465 2122 6681 4406 9056 4988 5767 274 958 242 1882 1057 1446 1906 8399 1401 2674 8660 8358 1103 1258 5781 6826 8208 1517 1802 7039 5926 4570 5147
23 7874 1386 3542 9832 5422 9475 2044 7315 7629 3657 4857 1282 4314 5708 536 9208 3610 2063 581 5217 5607 27 9360
21 2896 9138 1480 1476 4302 7712 959 8253 9759 9434 1467 7269 9493 6373 4310 5977 2243 4133 2862 5848 3569
33 2132 5495 2831 9546 5088 2011 7729 9975 5995 5559 6290 9150 5786 4198 742 8813 545 2348 8569 5479 34 870 7815 9404 1793 1021 5932 5521 6978 82 3229 7235 3347
27 9562 1863 4786 2075 40 4895 6571 9754 7620 5908 6829 9092 3283 1171 7848 7541 9312 7031 9059 7858 1760 468 9124 460 38 8036 4530
33 4003 9065 9127 5713 8719 6636 6812 609 6037 6837 3815 7022 4216 764 8752 8685 5248 3095 5599 5395 9168 8925 5718 6635 9220 1579 4069 7733 5293 1359 8122 464 6063
39 9289 1977 7134 8782 9963 9632 5101 4496 2400 6602 9571 7403 6874 276 4597 9422 6471 787 124 2752 75 6371 9178 4095 1059 1303 822 5460 9960 2767 430 3535 6210 675 710 2049 4592 2897 2276
29 1777 832 8191 8695 1768 2174 9226 3425 4892 4085 8918 912 894 7904 9384 684 8672 7976 96 5339 4155 2158 2575 8759 4367 3766 5121 7955 3702
14 497 1496 9647 9284 3694 8605 2855 7989 5075 1552 7669 8282 2210 807
41 8991 4585 6196 6270 7171 5951 4328 1710 1299 3501 5523 4899 2596 7189 4460 171 3399 9112 8283 8060 7786 7543 972 8161 8006 8221 6162 2890 7105 8655 2588 4288 2446 5814 7959 7977 9129 8083 8008 6559 7586
8 9483 2619 8478 7420 2816 2097 3764 2951
18 9613 1381 9594 5506 1011 7674 5181 654 4478 7961 3365 8461 6852 3954 3933 3944 8626 1022
18 9702 5642 9262 708 6172 7761 3895 1979 52 9441 2766 3509 4340 6061 1857 6469 50 9914
17 856 633 8555 1937 6416 8664 5879 2057 5583 8268 6326 5259 5904 2189 5396 9275 5979
11 4405 1146 8294 6376 1358 7447 2027 9565 1554 884 8422
14 3566 7152 1168 8981 3230 8875 1890 6432 4386 785 6551 7358 3303 4417
17 6984 6512 853 3839 8257 9553 2548 5878 8366 3625 7298 6863 2978 2950 5080 1163 5513
22 3740 9981 1143 9686 2545 8651 2772 752 6545 1457 9119 3713 5199 8643 1413 9601 4998 7051 1726 6950 3184 7303
16 1963 5428 3366 2673 3785 8263 8103 8743 7004 9541 3256 8591 3824 8865 1939 7335
39 3972 5187 4595 2954 6197 249 122 4044 4489 7007 1516 5216 2990 2308 264 9618 625 426 6355 8333 480 308 1658 7395 9010 3349 9792 1514 5817 3780 8429 9146 5474 7943 4057 2408 9558 7824 7731
9 7380 3119 6698 353 7503 454 4244 3085 2346
21 9743 100 8403 91 6946 4113 8494 4772 9278 4075 4251 9661 1072 8476 2991 6590 3448 6249 9801 2010 773
22 9579 2648 7501 7624 3295 9155 7205 3847 6038 1314 5778 5019 7886 7556 8015 7377 8234 4932 5164 2476 2018 5742
10 6764 5291 8665 9645 524 4559 5167 2364 1538 8596